2021-03-26 18:19:35 [@DESKTOP-10B0EO1]
Interne #1 : Démarrage createinquest
2021-03-26 18:19:41 [@DESKTOP-10B0EO1]
Interne #1 : Démarrage watcher
2021-03-26 18:19:50 [@DESKTOP-10B0EO1]
Interne #1 : Démarrage ticketrecurrent
2021-03-26 18:20:03 [@DESKTOP-10B0EO1]
Interne #1 : Démarrage planningrecall
2021-03-26 18:41:33 [2@DESKTOP-10B0EO1]
Interne #1 : Démarrage queuednotification
2021-03-26 19:03:46 [2@DESKTOP-10B0EO1]
Interne #1 : Démarrage queuednotificationclean
2021-03-26 19:09:47 [2@DESKTOP-10B0EO1]
Interne #1 : Démarrage temp
2021-03-28 23:15:58 [2@DESKTOP-10B0EO1]
Interne #1 : Démarrage mailgateerror
2021-03-28 23:21:05 [2@DESKTOP-10B0EO1]
Interne #1 : Démarrage contract
2021-03-28 23:51:15 [2@DESKTOP-10B0EO1]
Interne #1 : Démarrage infocom
2021-03-29 00:37:50 [2@DESKTOP-10B0EO1]
Interne #1 : Démarrage mailgate
2021-03-29 00:57:16 [2@DESKTOP-10B0EO1]
Interne #1 : Démarrage session
2021-03-29 01:06:51 [2@DESKTOP-10B0EO1]
Interne #1 : Démarrage graph
2021-03-29 01:16:25 [2@DESKTOP-10B0EO1]
Interne #1 : Démarrage reservation
2021-03-29 01:46:41 [2@DESKTOP-10B0EO1]
Interne #1 : Démarrage closeticket
2021-03-29 01:53:35 [2@DESKTOP-10B0EO1]
Interne #1 : Démarrage alertnotclosed
2021-03-29 01:58:30 [@DESKTOP-10B0EO1]
Interne #1 : Démarrage slaticket
2021-03-29 01:59:42 [@DESKTOP-10B0EO1]
Interne #1 : Démarrage olaticket
2021-03-29 16:14:36 [2@DESKTOP-10B0EO1]
Interne #1 : Démarrage planningrecall
2021-03-29 17:05:51 [2@DESKTOP-10B0EO1]
Interne #1 : Démarrage queuednotification
2021-03-29 17:33:59 [2@DESKTOP-10B0EO1]
Interne #1 : Démarrage ticketrecurrent
2021-03-29 18:40:54 [2@DESKTOP-10B0EO1]
Interne #1 : Démarrage temp
2021-03-31 01:05:55 [2@DESKTOP-10B0EO1]
Interne #1 : Démarrage createinquest
2021-03-31 13:11:02 [@DESKTOP-10B0EO1]
Interne #1 : Démarrage watcher
2021-03-31 13:11:11 [@DESKTOP-10B0EO1]
Interne #1 : Démarrage queuednotificationclean
2021-03-31 13:12:03 [@DESKTOP-10B0EO1]
Interne #1 : Démarrage mailgate
2021-03-31 13:12:07 [@DESKTOP-10B0EO1]
Interne #1 : Démarrage slaticket
2021-03-31 13:12:30 [@DESKTOP-10B0EO1]
Interne #1 : Démarrage olaticket
2021-03-31 13:18:02 [5@DESKTOP-10B0EO1]
Internal #1: Launch graph
2021-03-31 13:20:51 [@DESKTOP-10B0EO1]
Interne #1 : Démarrage reservation
2021-03-31 13:21:52 [@DESKTOP-10B0EO1]
Interne #1 : Démarrage closeticket
2021-03-31 13:22:38 [@DESKTOP-10B0EO1]
Interne #1 : Démarrage alertnotclosed
2021-03-31 13:22:43 [@DESKTOP-10B0EO1]
Interne #1 : Démarrage planningrecall
2021-03-31 13:28:06 [2@DESKTOP-10B0EO1]
Interne #1 : Démarrage queuednotification
2021-03-31 18:11:35 [2@DESKTOP-10B0EO1]
Interne #1 : Démarrage ticketrecurrent
2021-03-31 18:25:34 [2@DESKTOP-10B0EO1]
Interne #1 : Démarrage temp
2021-04-04 12:54:34 [2@DESKTOP-10B0EO1]
Interne #1 : Démarrage mailgateerror
2021-04-04 15:55:20 [2@DESKTOP-10B0EO1]
Interne #1 : Démarrage contract
2021-04-04 15:55:48 [@DESKTOP-10B0EO1]
Interne #1 : Démarrage infocom
2021-04-04 15:55:54 [@DESKTOP-10B0EO1]
Interne #1 : Démarrage session
2021-04-05 13:53:18 [2@DESKTOP-10B0EO1]
Interne #1 : Démarrage slaticket
2021-04-05 14:03:08 [2@DESKTOP-10B0EO1]
Interne #1 : Démarrage olaticket
2021-04-05 14:12:44 [2@DESKTOP-10B0EO1]
Interne #1 : Démarrage mailgate
2021-04-05 17:14:25 [2@DESKTOP-10B0EO1]
Interne #1 : Démarrage planningrecall
2021-04-07 23:06:14 [2@DESKTOP-10B0EO1]
Interne #1 : Démarrage queuednotification
2021-04-07 23:14:40 [2@DESKTOP-10B0EO1]
Interne #1 : Démarrage graph
2021-04-07 23:14:44 [@DESKTOP-10B0EO1]
Interne #1 : Démarrage reservation
2021-04-07 23:14:52 [@DESKTOP-10B0EO1]
Interne #1 : Démarrage ticketrecurrent
2021-04-07 23:53:35 [5@DESKTOP-10B0EO1]
Internal #1: Launch temp
2021-04-12 00:09:08 [@DESKTOP-10B0EO1]
Interne #1 : Démarrage createinquest
2021-04-12 00:23:43 [2@DESKTOP-10B0EO1]
Interne #1 : Démarrage closeticket
2021-04-12 00:28:49 [2@DESKTOP-10B0EO1]
Interne #1 : Démarrage alertnotclosed
2021-04-12 00:39:30 [2@DESKTOP-10B0EO1]
Interne #1 : Démarrage watcher
2021-04-23 20:45:52 [@DESKTOP-10B0EO1]
Interne #1 : Démarrage queuednotificationclean
2021-04-23 20:45:57 [@DESKTOP-10B0EO1]
Interne #1 : Démarrage mailgateerror
2021-04-23 21:02:14 [2@DESKTOP-10B0EO1]
Interne #1 : Démarrage slaticket
2021-05-29 16:21:54 [@DESKTOP-10B0EO1]
Interne #1 : Démarrage olaticket
2021-05-29 16:21:58 [@DESKTOP-10B0EO1]
Interne #1 : Démarrage mailgate
2021-05-29 16:28:25 [2@DESKTOP-10B0EO1]
Interne #1 : Démarrage contract
2021-07-18 15:07:49 [@DESKTOP-10B0EO1]
Interne #1 : Démarrage infocom
2021-07-18 15:13:42 [@DESKTOP-10B0EO1]
Interne #1 : Démarrage session
2021-07-18 15:13:54 [@DESKTOP-10B0EO1]
Interne #1 : Démarrage planningrecall
2021-07-18 15:34:38 [@DESKTOP-10B0EO1]
Interne #1 : Démarrage queuednotification
2021-07-18 15:34:48 [@DESKTOP-10B0EO1]
Interne #1 : Démarrage graph
2021-07-18 15:38:39 [@DESKTOP-10B0EO1]
Interne #1 : Démarrage reservation
2021-07-18 15:47:11 [5@DESKTOP-10B0EO1]
Internal #1: Launch ticketrecurrent
2021-07-18 16:45:49 [@DESKTOP-10B0EO1]
Interne #1 : Démarrage temp
2021-07-18 16:51:17 [4@DESKTOP-10B0EO1]
Internal #1: Launch closeticket
2021-07-18 18:13:29 [4@DESKTOP-10B0EO1]
Internal #1: Launch alertnotclosed
2021-07-19 00:03:29 [4@DESKTOP-10B0EO1]
Internal #1: Launch createinquest
2021-07-19 17:46:51 [@DESKTOP-10B0EO1]
Interne #1 : Démarrage watcher
2021-11-02 17:13:46 [@DESKTOP-10B0EO1]
Interne #1 : Démarrage slaticket
2021-11-02 17:13:50 [@DESKTOP-10B0EO1]
Interne #1 : Démarrage queuednotificationclean
2021-11-02 17:49:57 [2@DESKTOP-10B0EO1]
Interne #1 : Démarrage mailgateerror
2021-11-16 21:17:34 [@DESKTOP-10B0EO1]
Interne #1 : Démarrage olaticket
2021-11-16 21:22:44 [2@DESKTOP-10B0EO1]
Interne #1 : Démarrage mailgate
2021-11-19 12:37:53 [@DESKTOP-10B0EO1]
Interne #1 : Démarrage contract
2021-11-19 12:45:45 [@DESKTOP-10B0EO1]
Interne #1 : Démarrage planningrecall
2021-11-19 12:47:13 [@DESKTOP-10B0EO1]
Interne #1 : Démarrage queuednotification
2021-11-19 12:59:52 [2@DESKTOP-10B0EO1]
Interne #1 : Démarrage graph
2021-11-19 13:03:56 [@DESKTOP-10B0EO1]
Interne #1 : Démarrage reservation
2021-11-19 13:04:39 [@DESKTOP-10B0EO1]
Interne #1 : Démarrage ticketrecurrent
2021-11-19 13:04:50 [@DESKTOP-10B0EO1]
Interne #1 : Démarrage temp
2021-11-19 13:05:46 [@DESKTOP-10B0EO1]
Interne #1 : Démarrage closeticket
2021-11-19 13:07:24 [@DESKTOP-10B0EO1]
Interne #1 : Démarrage alertnotclosed
2021-11-19 15:27:16 [@DESKTOP-10B0EO1]
Interne #1 : Démarrage infocom
2021-11-19 15:47:48 [2@DESKTOP-10B0EO1]
Interne #1 : Démarrage session
2021-11-19 16:52:57 [2@DESKTOP-10B0EO1]
Interne #1 : Démarrage createinquest
2021-11-19 18:05:11 [2@DESKTOP-10B0EO1]
Interne #1 : Démarrage watcher
2021-11-19 19:51:28 [@DESKTOP-10B0EO1]
Interne #1 : Démarrage slaticket
2021-11-19 19:51:34 [@DESKTOP-10B0EO1]
Interne #1 : Démarrage queuednotificationclean
2021-11-19 21:20:06 [@DESKTOP-10B0EO1]
Interne #1 : Démarrage mailgateerror
2021-11-19 22:19:47 [9@DESKTOP-10B0EO1]
Interne #1 : Démarrage olaticket
2021-11-19 23:39:42 [9@DESKTOP-10B0EO1]
Interne #1 : Démarrage mailgate
2021-11-19 23:39:45 [@DESKTOP-10B0EO1]
Interne #1 : Démarrage queuednotification
2021-11-21 20:37:12 [2@DESKTOP-10B0EO1]
Interne #1 : Démarrage planningrecall
2021-11-21 20:46:34 [2@DESKTOP-10B0EO1]
Interne #1 : Démarrage graph
2021-11-21 21:42:00 [@DESKTOP-10B0EO1]
Interne #1 : Démarrage reservation
2021-11-21 21:42:09 [@DESKTOP-10B0EO1]
Interne #1 : Démarrage ticketrecurrent
2021-11-21 21:42:29 [@DESKTOP-10B0EO1]
Interne #1 : Démarrage temp
2021-11-21 21:47:36 [2@DESKTOP-10B0EO1]
Interne #1 : Démarrage slaticket
2021-11-21 21:47:59 [@DESKTOP-10B0EO1]
Interne #1 : Démarrage olaticket
2021-11-21 21:48:59 [@DESKTOP-10B0EO1]
Interne #1 : Démarrage queuednotification
2021-11-21 21:49:01 [@DESKTOP-10B0EO1]
Erreur dans l'envoi du courriel<br/>Could not instantiate mail function.
2021-11-21 21:49:03 [@DESKTOP-10B0EO1]
Erreur dans l'envoi du courriel<br/>Could not instantiate mail function.
2021-11-21 21:49:59 [@DESKTOP-10B0EO1]
Interne #1 : Démarrage mailgate
2021-11-21 21:50:04 [@DESKTOP-10B0EO1]
Interne #1 : Démarrage closeticket
2021-11-21 21:50:08 [@DESKTOP-10B0EO1]
Interne #1 : Démarrage alertnotclosed
2021-11-21 21:50:18 [@DESKTOP-10B0EO1]
Interne #1 : Démarrage contract
2021-11-21 21:50:29 [@DESKTOP-10B0EO1]
Interne #1 : Démarrage infocom
2021-11-21 22:44:22 [@DESKTOP-10B0EO1]
Interne #1 : Démarrage session
2021-11-21 22:44:28 [@DESKTOP-10B0EO1]
Interne #1 : Démarrage createinquest
2021-11-21 22:50:16 [4@DESKTOP-10B0EO1]
Internal #1: Launch watcher
2021-11-21 22:59:59 [4@DESKTOP-10B0EO1]
Internal #1: Launch queuednotificationclean
2021-11-21 23:08:08 [@DESKTOP-10B0EO1]
Interne #1 : Démarrage mailgateerror
2021-11-21 23:08:13 [@DESKTOP-10B0EO1]
Interne #1 : Démarrage planningrecall
2021-11-22 00:06:51 [4@DESKTOP-10B0EO1]
Internal #1: Launch graph
2021-11-22 12:54:05 [4@DESKTOP-10B0EO1]
Internal #1: Launch queuednotification
2021-11-22 12:54:08 [4@DESKTOP-10B0EO1]
Error in sending the email<br/>Could not instantiate mail function.
2021-11-22 12:54:10 [4@DESKTOP-10B0EO1]
Error in sending the email<br/>Could not instantiate mail function.
2021-11-22 12:54:12 [4@DESKTOP-10B0EO1]
Error in sending the email<br/>Could not instantiate mail function.
2021-11-22 12:54:14 [4@DESKTOP-10B0EO1]
Error in sending the email<br/>Could not instantiate mail function.
2021-11-22 12:54:16 [4@DESKTOP-10B0EO1]
Error in sending the email<br/>Could not instantiate mail function.
2021-11-22 12:54:22 [@DESKTOP-10B0EO1]
Interne #1 : Démarrage slaticket
2021-11-22 12:55:18 [@DESKTOP-10B0EO1]
Interne #1 : Démarrage olaticket
2021-11-22 12:55:24 [@DESKTOP-10B0EO1]
Interne #1 : Démarrage mailgate
2021-11-22 13:02:01 [9@DESKTOP-10B0EO1]
Interne #1 : Démarrage reservation
2021-11-22 13:03:37 [2@DESKTOP-10B0EO1]
Interne #1 : Démarrage ticketrecurrent
2021-11-22 14:10:27 [2@DESKTOP-10B0EO1]
Interne #1 : Démarrage temp
2021-11-22 14:20:38 [2@DESKTOP-10B0EO1]
Interne #1 : Démarrage planningrecall
2021-11-22 14:25:41 [2@DESKTOP-10B0EO1]
Interne #1 : Démarrage graph
2021-11-22 16:03:34 [2@DESKTOP-10B0EO1]
Interne #1 : Démarrage closeticket
2021-11-22 20:01:47 [2@DESKTOP-10B0EO1]
Interne #1 : Démarrage alertnotclosed
2021-11-22 22:08:03 [2@DESKTOP-10B0EO1]
Interne #1 : Démarrage queuednotification
2021-11-22 22:08:05 [2@DESKTOP-10B0EO1]
Erreur dans l'envoi du courriel<br/>Could not instantiate mail function.
2021-11-22 22:08:08 [2@DESKTOP-10B0EO1]
Erreur dans l'envoi du courriel<br/>Could not instantiate mail function.
2021-11-22 22:08:10 [2@DESKTOP-10B0EO1]
Erreur dans l'envoi du courriel<br/>Could not instantiate mail function.
2021-11-22 22:08:12 [2@DESKTOP-10B0EO1]
Erreur dans l'envoi du courriel<br/>Could not instantiate mail function.
2021-11-22 22:08:14 [2@DESKTOP-10B0EO1]
Erreur dans l'envoi du courriel<br/>Could not instantiate mail function.
2021-11-22 22:08:16 [2@DESKTOP-10B0EO1]
Erreur dans l'envoi du courriel<br/>Could not instantiate mail function.
2021-11-22 22:08:18 [2@DESKTOP-10B0EO1]
Erreur dans l'envoi du courriel<br/>Could not instantiate mail function.
2021-11-22 22:30:46 [2@DESKTOP-10B0EO1]
Interne #1 : Démarrage slaticket
2021-11-23 16:41:11 [2@DESKTOP-10B0EO1]
Interne #1 : Démarrage olaticket
2021-11-24 00:40:45 [2@DESKTOP-10B0EO1]
Interne #1 : Démarrage mailgate
2021-11-24 00:48:26 [2@DESKTOP-10B0EO1]
Interne #1 : Démarrage reservation
2021-11-24 01:49:19 [2@DESKTOP-10B0EO1]
Interne #1 : Démarrage ticketrecurrent
2021-11-24 21:17:25 [2@DESKTOP-10B0EO1]
Interne #1 : Démarrage planningrecall
2021-11-24 21:43:06 [2@DESKTOP-10B0EO1]
Interne #1 : Démarrage temp
2021-11-24 22:23:59 [2@DESKTOP-10B0EO1]
Interne #1 : Démarrage graph
2021-11-24 22:29:50 [2@DESKTOP-10B0EO1]
Interne #1 : Démarrage contract
2021-11-24 23:40:38 [2@DESKTOP-10B0EO1]
Interne #1 : Démarrage infocom
2021-11-24 23:45:42 [2@DESKTOP-10B0EO1]
Interne #1 : Démarrage queuednotification
2021-11-24 23:45:45 [2@DESKTOP-10B0EO1]
Erreur dans l'envoi du courriel<br/>Could not instantiate mail function.
2021-11-24 23:45:47 [2@DESKTOP-10B0EO1]
Erreur dans l'envoi du courriel<br/>Could not instantiate mail function.
2021-11-24 23:45:49 [2@DESKTOP-10B0EO1]
Erreur dans l'envoi du courriel<br/>Could not instantiate mail function.
2021-11-24 23:45:51 [2@DESKTOP-10B0EO1]
Erreur dans l'envoi du courriel<br/>Could not instantiate mail function.
2021-11-24 23:45:53 [2@DESKTOP-10B0EO1]
Erreur dans l'envoi du courriel<br/>Could not instantiate mail function.
2021-11-24 23:45:56 [2@DESKTOP-10B0EO1]
Erreur dans l'envoi du courriel<br/>Could not instantiate mail function.
2021-11-24 23:45:58 [2@DESKTOP-10B0EO1]
Erreur dans l'envoi du courriel<br/>Could not instantiate mail function.
2021-11-24 23:46:00 [2@DESKTOP-10B0EO1]
Erreur dans l'envoi du courriel<br/>Could not instantiate mail function.
2021-11-24 23:46:02 [2@DESKTOP-10B0EO1]
Erreur dans l'envoi du courriel<br/>Could not instantiate mail function.
2021-11-24 23:46:04 [2@DESKTOP-10B0EO1]
Erreur dans l'envoi du courriel<br/>Could not instantiate mail function.
2021-11-24 23:46:06 [2@DESKTOP-10B0EO1]
Erreur dans l'envoi du courriel<br/>Could not instantiate mail function.
2021-11-24 23:46:08 [2@DESKTOP-10B0EO1]
Erreur dans l'envoi du courriel<br/>Could not instantiate mail function.
2021-11-24 23:46:11 [2@DESKTOP-10B0EO1]
Erreur dans l'envoi du courriel<br/>Could not instantiate mail function.
2021-11-24 23:49:23 [@DESKTOP-10B0EO1]
Interne #1 : Démarrage slaticket
2021-11-24 23:57:38 [4@DESKTOP-10B0EO1]
Internal #1: Launch session
2021-11-25 10:28:03 [4@DESKTOP-10B0EO1]
Internal #1: Launch createinquest
2021-11-25 15:52:38 [4@DESKTOP-10B0EO1]
Internal #1: Launch watcher
2021-11-25 16:02:09 [4@DESKTOP-10B0EO1]
Internal #1: Launch queuednotificationclean
2021-11-25 22:38:07 [4@DESKTOP-10B0EO1]
Internal #1: Launch mailgateerror
2021-11-28 12:18:04 [@DESKTOP-10B0EO1]
Interne #1 : Démarrage closeticket
2021-11-28 12:21:15 [@DESKTOP-10B0EO1]
Interne #1 : Démarrage alertnotclosed
2021-11-28 12:32:28 [@DESKTOP-10B0EO1]
Interne #1 : Démarrage olaticket
2021-11-28 12:40:26 [2@DESKTOP-10B0EO1]
Interne #1 : Démarrage mailgate
2021-11-28 23:04:58 [@DESKTOP-10B0EO1]
Interne #1 : Démarrage reservation
2021-11-28 23:28:42 [2@DESKTOP-10B0EO1]
Interne #1 : Démarrage ticketrecurrent
2021-11-29 16:23:28 [@DESKTOP-10B0EO1]
Interne #1 : Démarrage planningrecall
2021-11-29 16:53:54 [2@DESKTOP-10B0EO1]
Interne #1 : Démarrage temp
2021-11-29 16:58:54 [2@DESKTOP-10B0EO1]
Interne #1 : Démarrage graph
2021-11-29 18:08:23 [2@DESKTOP-10B0EO1]
Interne #1 : Démarrage queuednotification
2021-11-29 21:33:51 [@DESKTOP-10B0EO1]
Interne #1 : Démarrage slaticket
2021-11-30 13:32:06 [@DESKTOP-10B0EO1]
Interne #1 : Démarrage contract
2021-11-30 13:51:57 [2@DESKTOP-10B0EO1]
Interne #1 : Démarrage infocom
2021-11-30 14:06:15 [2@DESKTOP-10B0EO1]
Interne #1 : Démarrage session
2021-11-30 14:12:50 [2@DESKTOP-10B0EO1]
Interne #1 : Démarrage createinquest
2021-11-30 14:39:07 [2@DESKTOP-10B0EO1]
Interne #1 : Démarrage watcher
2021-11-30 14:45:12 [2@DESKTOP-10B0EO1]
Interne #1 : Démarrage queuednotificationclean
2021-11-30 14:53:32 [2@DESKTOP-10B0EO1]
Interne #1 : Démarrage mailgateerror
2021-11-30 15:03:36 [2@DESKTOP-10B0EO1]
Interne #1 : Démarrage olaticket
2021-11-30 15:13:44 [2@DESKTOP-10B0EO1]
Interne #1 : Démarrage mailgate
2021-11-30 16:06:50 [2@DESKTOP-10B0EO1]
Interne #1 : Démarrage reservation
2021-11-30 16:24:58 [2@DESKTOP-10B0EO1]
Interne #1 : Démarrage closeticket
2021-11-30 16:41:13 [2@DESKTOP-10B0EO1]
Interne #1 : Démarrage alertnotclosed
2021-11-30 16:47:59 [2@DESKTOP-10B0EO1]
Interne #1 : Démarrage ticketrecurrent
2021-11-30 16:55:34 [2@DESKTOP-10B0EO1]
Interne #1 : Démarrage planningrecall
2021-11-30 17:02:42 [2@DESKTOP-10B0EO1]
Interne #1 : Démarrage temp
2021-11-30 17:22:58 [2@DESKTOP-10B0EO1]
Interne #1 : Démarrage graph
2021-11-30 17:39:38 [2@DESKTOP-10B0EO1]
Interne #1 : Démarrage queuednotification
2021-11-30 21:15:35 [2@DESKTOP-10B0EO1]
Interne #1 : Démarrage slaticket
2021-11-30 21:20:44 [2@DESKTOP-10B0EO1]
Interne #1 : Démarrage olaticket
2021-11-30 21:31:38 [2@DESKTOP-10B0EO1]
Interne #1 : Démarrage mailgate
2021-11-30 21:55:30 [2@DESKTOP-10B0EO1]
Interne #1 : Démarrage planningrecall
2021-11-30 23:06:34 [2@DESKTOP-10B0EO1]
Interne #1 : Démarrage reservation
2021-11-30 23:37:56 [2@DESKTOP-10B0EO1]
Interne #1 : Démarrage queuednotification
2021-11-30 23:40:40 [@DESKTOP-10B0EO1]
Interne #1 : Démarrage ticketrecurrent
2021-11-30 23:46:01 [9@DESKTOP-10B0EO1]
Interne #1 : Démarrage temp
2021-11-30 23:46:05 [@DESKTOP-10B0EO1]
Interne #1 : Démarrage graph
2021-11-30 23:55:41 [@DESKTOP-10B0EO1]
Interne #1 : Démarrage slaticket
2021-12-01 00:00:51 [2@DESKTOP-10B0EO1]
Interne #1 : Démarrage olaticket
2021-12-01 00:51:04 [2@DESKTOP-10B0EO1]
Interne #1 : Démarrage mailgate
2021-12-01 11:04:05 [2@DESKTOP-10B0EO1]
Interne #1 : Démarrage planningrecall
2021-12-01 11:12:55 [2@DESKTOP-10B0EO1]
Interne #1 : Démarrage queuednotification
2021-12-01 11:58:38 [2@DESKTOP-10B0EO1]
Interne #1 : Démarrage slaticket
2021-12-01 12:49:26 [2@DESKTOP-10B0EO1]
Interne #1 : Démarrage olaticket
2021-12-01 14:09:11 [2@DESKTOP-10B0EO1]
Interne #1 : Démarrage reservation
2021-12-01 19:28:59 [@DESKTOP-10B0EO1]
Interne #1 : Démarrage ticketrecurrent
2021-12-01 21:10:48 [2@DESKTOP-10B0EO1]
Interne #1 : Démarrage graph
2021-12-01 21:16:32 [2@DESKTOP-10B0EO1]
Interne #1 : Démarrage temp
2021-12-01 21:29:47 [2@DESKTOP-10B0EO1]
Interne #1 : Démarrage mailgate
2021-12-01 21:35:16 [2@DESKTOP-10B0EO1]
Interne #1 : Démarrage closeticket
2021-12-01 22:30:25 [2@DESKTOP-10B0EO1]
Interne #1 : Démarrage alertnotclosed
2021-12-02 03:30:11 [2@DESKTOP-10B0EO1]
Interne #1 : Démarrage planningrecall
2021-12-02 11:44:52 [2@DESKTOP-10B0EO1]
Interne #1 : Démarrage queuednotification
2021-12-02 12:01:37 [2@DESKTOP-10B0EO1]
Interne #1 : Démarrage slaticket
2021-12-02 12:10:24 [2@DESKTOP-10B0EO1]
Interne #1 : Démarrage olaticket
2021-12-02 13:22:46 [2@DESKTOP-10B0EO1]
Interne #1 : Démarrage contract
2021-12-02 13:29:20 [2@DESKTOP-10B0EO1]
Interne #1 : Démarrage infocom
2021-12-02 13:36:33 [2@DESKTOP-10B0EO1]
Interne #1 : Démarrage session
2021-12-02 14:27:37 [@DESKTOP-10B0EO1]
Interne #1 : Démarrage createinquest
2021-12-02 14:27:48 [@DESKTOP-10B0EO1]
Interne #1 : Démarrage watcher
2021-12-02 14:36:48 [2@DESKTOP-10B0EO1]
Interne #1 : Démarrage queuednotificationclean
2021-12-02 14:37:00 [4@DESKTOP-10B0EO1]
Internal #1: Launch mailgateerror
2021-12-02 15:15:30 [4@DESKTOP-10B0EO1]
Internal #1: Launch reservation
2021-12-02 15:30:23 [4@DESKTOP-10B0EO1]
Internal #1: Launch ticketrecurrent
2021-12-02 15:54:49 [2@DESKTOP-10B0EO1]
Interne #1 : Démarrage mailgate
2021-12-02 16:35:20 [4@DESKTOP-10B0EO1]
Internal #1: Launch graph
2021-12-02 20:06:16 [2@DESKTOP-10B0EO1]
Interne #1 : Démarrage temp
2021-12-02 20:11:27 [2@DESKTOP-10B0EO1]
Interne #1 : Démarrage planningrecall
2021-12-02 20:32:19 [2@DESKTOP-10B0EO1]
Interne #1 : Démarrage closeticket
2021-12-02 20:45:17 [2@DESKTOP-10B0EO1]
Interne #1 : Démarrage alertnotclosed
2021-12-02 20:50:56 [2@DESKTOP-10B0EO1]
Interne #1 : Démarrage queuednotification
2021-12-02 20:57:56 [2@DESKTOP-10B0EO1]
Interne #1 : Démarrage slaticket
2021-12-02 21:17:41 [2@DESKTOP-10B0EO1]
Interne #1 : Démarrage olaticket
2021-12-02 23:23:09 [2@DESKTOP-10B0EO1]
Interne #1 : Démarrage mailgate
2021-12-02 23:28:24 [2@DESKTOP-10B0EO1]
Interne #1 : Démarrage reservation
2021-12-03 13:41:00 [@DESKTOP-10B0EO1]
Interne #1 : Démarrage ticketrecurrent
2021-12-03 13:56:45 [2@DESKTOP-10B0EO1]
Interne #1 : Démarrage graph
2021-12-03 14:23:19 [2@DESKTOP-10B0EO1]
Interne #1 : Démarrage planningrecall
2021-12-03 15:36:40 [@DESKTOP-10B0EO1]
Interne #1 : Démarrage queuednotification
2021-12-03 15:49:16 [2@DESKTOP-10B0EO1]
Interne #1 : Démarrage slaticket
2021-12-03 16:04:47 [2@DESKTOP-10B0EO1]
Interne #1 : Démarrage temp
2021-12-03 16:23:22 [2@DESKTOP-10B0EO1]
Interne #1 : Démarrage olaticket
2021-12-03 16:37:30 [2@DESKTOP-10B0EO1]
Interne #1 : Démarrage mailgate
2021-12-03 17:28:40 [2@DESKTOP-10B0EO1]
Interne #1 : Démarrage reservation
2021-12-03 17:49:07 [2@DESKTOP-10B0EO1]
Interne #1 : Démarrage closeticket
2021-12-03 19:44:21 [2@DESKTOP-10B0EO1]
Interne #1 : Démarrage alertnotclosed
2021-12-04 00:33:28 [2@DESKTOP-10B0EO1]
Interne #1 : Démarrage contract
2021-12-04 00:45:09 [2@DESKTOP-10B0EO1]
Interne #1 : Démarrage infocom
2021-12-04 00:53:30 [2@DESKTOP-10B0EO1]
Interne #1 : Démarrage session
2021-12-04 01:24:05 [2@DESKTOP-10B0EO1]
Interne #1 : Démarrage createinquest
2021-12-04 02:16:26 [2@DESKTOP-10B0EO1]
Interne #1 : Démarrage watcher
2021-12-04 03:07:50 [2@DESKTOP-10B0EO1]
Interne #1 : Démarrage planningrecall
2021-12-04 03:58:40 [2@DESKTOP-10B0EO1]
Interne #1 : Démarrage queuednotificationclean
2021-12-04 14:34:34 [@DESKTOP-10B0EO1]
Interne #1 : Démarrage mailgateerror
2021-12-04 14:35:01 [@DESKTOP-10B0EO1]
Interne #1 : Démarrage ticketrecurrent
2021-12-04 14:35:21 [@DESKTOP-10B0EO1]
Interne #1 : Démarrage graph
2021-12-04 14:35:47 [@DESKTOP-10B0EO1]
Interne #1 : Démarrage queuednotification
2021-12-04 14:42:37 [2@DESKTOP-10B0EO1]
Interne #1 : Démarrage slaticket
2021-12-04 15:16:44 [2@DESKTOP-10B0EO1]
Interne #1 : Démarrage olaticket
2021-12-04 18:50:49 [@DESKTOP-10B0EO1]
Interne #1 : Démarrage mailgate
2021-12-04 18:57:56 [2@DESKTOP-10B0EO1]
Interne #1 : Démarrage temp
2021-12-05 10:06:32 [@DESKTOP-10B0EO1]
Interne #1 : Démarrage reservation
2021-12-05 10:41:36 [2@DESKTOP-10B0EO1]
Interne #1 : Démarrage planningrecall
2021-12-05 10:46:58 [2@DESKTOP-10B0EO1]
Interne #1 : Démarrage closeticket
2021-12-05 14:44:00 [@DESKTOP-10B0EO1]
Interne #1 : Démarrage alertnotclosed
2021-12-05 14:44:40 [@DESKTOP-10B0EO1]
Interne #1 : Démarrage queuednotification
2021-12-05 14:45:24 [@DESKTOP-10B0EO1]
Interne #1 : Démarrage slaticket
2021-12-05 14:54:54 [@DESKTOP-10B0EO1]
Interne #1 : Démarrage olaticket
2021-12-05 20:15:20 [2@DESKTOP-10B0EO1]
Interne #1 : Démarrage graph
2021-12-05 21:23:11 [2@DESKTOP-10B0EO1]
Interne #1 : Démarrage ticketrecurrent
2021-12-05 22:35:36 [2@DESKTOP-10B0EO1]
Interne #1 : Démarrage mailgate
2021-12-05 22:41:50 [2@DESKTOP-10B0EO1]
Interne #1 : Démarrage temp
2021-12-05 22:42:10 [@DESKTOP-10B0EO1]
Interne #1 : Démarrage contract
2021-12-05 22:47:34 [2@DESKTOP-10B0EO1]
Interne #1 : Démarrage infocom
2021-12-05 22:53:15 [2@DESKTOP-10B0EO1]
Interne #1 : Démarrage session
2021-12-05 22:56:44 [@DESKTOP-10B0EO1]
Interne #1 : Démarrage createinquest
2021-12-05 23:01:55 [2@DESKTOP-10B0EO1]
Interne #1 : Démarrage watcher
2021-12-05 23:02:21 [@DESKTOP-10B0EO1]
Interne #1 : Démarrage queuednotificationclean
2021-12-05 23:04:21 [@DESKTOP-10B0EO1]
Interne #1 : Démarrage planningrecall
2021-12-05 23:10:52 [2@DESKTOP-10B0EO1]
Interne #1 : Démarrage reservation
2021-12-05 23:16:07 [2@DESKTOP-10B0EO1]
Interne #1 : Démarrage mailgateerror
2021-12-06 00:40:20 [@DESKTOP-10B0EO1]
Interne #1 : Démarrage queuednotification
2021-12-06 01:11:06 [@DESKTOP-10B0EO1]
Interne #1 : Démarrage slaticket
2021-12-06 01:25:28 [2@DESKTOP-10B0EO1]
Interne #1 : Démarrage olaticket
2021-12-06 02:22:26 [@DESKTOP-10B0EO1]
Interne #1 : Démarrage graph
2021-12-06 10:53:47 [@DESKTOP-10B0EO1]
Interne #1 : Démarrage ticketrecurrent
2021-12-06 11:00:14 [2@DESKTOP-10B0EO1]
Internal #1: Launch mailgate
2021-12-06 12:35:21 [2@DESKTOP-10B0EO1]
Internal #1: Launch closeticket
2021-12-06 12:40:22 [2@DESKTOP-10B0EO1]
Internal #1: Launch planningrecall
2021-12-06 12:43:54 [@DESKTOP-10B0EO1]
Interne #1 : Démarrage temp
2021-12-06 12:47:08 [@DESKTOP-10B0EO1]
Interne #1 : Démarrage reservation
2021-12-06 12:54:55 [2@DESKTOP-10B0EO1]
Internal #1: Launch queuednotification
2021-12-06 13:31:51 [2@DESKTOP-10B0EO1]
Internal #1: Launch slaticket
2021-12-06 17:52:02 [@DESKTOP-10B0EO1]
Interne #1 : Démarrage olaticket
2021-12-06 17:57:22 [2@DESKTOP-10B0EO1]
Internal #1: Launch alertnotclosed
2021-12-06 18:04:17 [2@DESKTOP-10B0EO1]
Internal #1: Launch graph
2021-12-06 18:04:29 [@DESKTOP-10B0EO1]
Interne #1 : Démarrage mailgate
2021-12-07 01:10:51 [@DESKTOP-10B0EO1]
Interne #1 : Démarrage ticketrecurrent
2021-12-07 01:28:53 [2@DESKTOP-10B0EO1]
Internal #1: Launch planningrecall
2021-12-07 03:29:33 [@DESKTOP-10B0EO1]
Interne #1 : Démarrage queuednotification
2021-12-07 03:29:35 [@DESKTOP-10B0EO1]
Erreur dans l'envoi du courriel<br/>Could not instantiate mail function.
2021-12-07 03:29:37 [@DESKTOP-10B0EO1]
Erreur dans l'envoi du courriel<br/>Could not instantiate mail function.
2021-12-07 03:29:40 [@DESKTOP-10B0EO1]
Erreur dans l'envoi du courriel<br/>Could not instantiate mail function.
2021-12-07 03:29:42 [@DESKTOP-10B0EO1]
Erreur dans l'envoi du courriel<br/>Could not instantiate mail function.
2021-12-07 03:29:44 [@DESKTOP-10B0EO1]
Erreur dans l'envoi du courriel<br/>Could not instantiate mail function.
2021-12-07 03:29:46 [@DESKTOP-10B0EO1]
Erreur dans l'envoi du courriel<br/>Could not instantiate mail function.
2021-12-07 03:29:48 [@DESKTOP-10B0EO1]
Erreur dans l'envoi du courriel<br/>Could not instantiate mail function.
2021-12-07 03:29:51 [@DESKTOP-10B0EO1]
Erreur dans l'envoi du courriel<br/>Could not instantiate mail function.
2021-12-07 03:29:53 [@DESKTOP-10B0EO1]
Erreur dans l'envoi du courriel<br/>Could not instantiate mail function.
2021-12-07 03:29:55 [@DESKTOP-10B0EO1]
Erreur dans l'envoi du courriel<br/>Could not instantiate mail function.
2021-12-07 03:29:57 [@DESKTOP-10B0EO1]
Erreur dans l'envoi du courriel<br/>Could not instantiate mail function.
2021-12-07 03:29:59 [@DESKTOP-10B0EO1]
Erreur dans l'envoi du courriel<br/>Could not instantiate mail function.
2021-12-07 03:30:01 [@DESKTOP-10B0EO1]
Erreur dans l'envoi du courriel<br/>Could not instantiate mail function.
2021-12-07 03:30:03 [@DESKTOP-10B0EO1]
Erreur dans l'envoi du courriel<br/>Could not instantiate mail function.
2021-12-07 03:30:05 [@DESKTOP-10B0EO1]
Erreur dans l'envoi du courriel<br/>Could not instantiate mail function.
2021-12-07 03:30:08 [@DESKTOP-10B0EO1]
Erreur dans l'envoi du courriel<br/>Could not instantiate mail function.
2021-12-07 03:30:10 [@DESKTOP-10B0EO1]
Erreur dans l'envoi du courriel<br/>Could not instantiate mail function.
2021-12-07 03:30:12 [@DESKTOP-10B0EO1]
Erreur dans l'envoi du courriel<br/>Could not instantiate mail function.
2021-12-07 03:30:14 [@DESKTOP-10B0EO1]
Erreur dans l'envoi du courriel<br/>Could not instantiate mail function.
2021-12-07 03:30:16 [@DESKTOP-10B0EO1]
Erreur dans l'envoi du courriel<br/>Could not instantiate mail function.
2021-12-07 03:30:18 [@DESKTOP-10B0EO1]
Erreur dans l'envoi du courriel<br/>Could not instantiate mail function.
2021-12-07 03:30:21 [@DESKTOP-10B0EO1]
Erreur dans l'envoi du courriel<br/>Could not instantiate mail function.
2021-12-07 03:30:23 [@DESKTOP-10B0EO1]
Erreur dans l'envoi du courriel<br/>Could not instantiate mail function.
2021-12-07 03:30:25 [@DESKTOP-10B0EO1]
Ne peut récupérer le verrou sur la BDD
2021-12-07 03:30:25 [@DESKTOP-10B0EO1]
Erreur dans l'envoi du courriel<br/>Could not instantiate mail function.
2021-12-07 03:30:27 [@DESKTOP-10B0EO1]
Erreur dans l'envoi du courriel<br/>Could not instantiate mail function.
2021-12-07 03:30:29 [@DESKTOP-10B0EO1]
Erreur dans l'envoi du courriel<br/>Could not instantiate mail function.
2021-12-07 03:30:32 [@DESKTOP-10B0EO1]
Erreur dans l'envoi du courriel<br/>Could not instantiate mail function.
2021-12-07 03:30:34 [@DESKTOP-10B0EO1]
Erreur dans l'envoi du courriel<br/>Could not instantiate mail function.
2021-12-07 03:30:36 [@DESKTOP-10B0EO1]
Erreur dans l'envoi du courriel<br/>Could not instantiate mail function.
2021-12-07 03:30:39 [@DESKTOP-10B0EO1]
Erreur dans l'envoi du courriel<br/>Could not instantiate mail function.
2021-12-07 03:30:41 [@DESKTOP-10B0EO1]
Erreur dans l'envoi du courriel<br/>Could not instantiate mail function.
2021-12-07 03:30:43 [@DESKTOP-10B0EO1]
Erreur dans l'envoi du courriel<br/>Could not instantiate mail function.
2021-12-07 03:30:45 [@DESKTOP-10B0EO1]
Erreur dans l'envoi du courriel<br/>Could not instantiate mail function.
2021-12-07 03:30:47 [@DESKTOP-10B0EO1]
Erreur dans l'envoi du courriel<br/>Could not instantiate mail function.
2021-12-07 03:30:49 [@DESKTOP-10B0EO1]
Erreur dans l'envoi du courriel<br/>Could not instantiate mail function.
2021-12-07 03:30:51 [@DESKTOP-10B0EO1]
Erreur dans l'envoi du courriel<br/>Could not instantiate mail function.
2021-12-07 03:30:53 [@DESKTOP-10B0EO1]
Erreur dans l'envoi du courriel<br/>Could not instantiate mail function.
2021-12-07 03:30:55 [@DESKTOP-10B0EO1]
Erreur dans l'envoi du courriel<br/>Could not instantiate mail function.
2021-12-07 09:35:53 [@DESKTOP-10B0EO1]
Interne #1 : Démarrage slaticket
2021-12-08 02:13:57 [@DESKTOP-10B0EO1]
Interne #1 : Démarrage temp
2021-12-08 02:14:13 [@DESKTOP-10B0EO1]
Interne #1 : Démarrage reservation
2021-12-08 02:14:51 [2@DESKTOP-10B0EO1]
Internal #1: Launch olaticket
2021-12-08 02:20:00 [2@DESKTOP-10B0EO1]
Internal #1: Launch mailgate
2021-12-08 02:25:05 [2@DESKTOP-10B0EO1]
Internal #1: Launch graph
2021-12-08 14:21:13 [@DESKTOP-10B0EO1]
Interne #1 : Démarrage contract
2021-12-08 14:37:14 [2@DESKTOP-10B0EO1]
Internal #1: Launch infocom
2021-12-08 14:44:08 [2@DESKTOP-10B0EO1]
Internal #1: Launch session
2021-12-08 14:49:50 [2@DESKTOP-10B0EO1]
Internal #1: Launch createinquest
2021-12-08 15:21:14 [2@DESKTOP-10B0EO1]
Internal #1: Launch watcher
2021-12-08 15:23:52 [@DESKTOP-10B0EO1]
Interne #1 : Démarrage queuednotificationclean
2021-12-08 15:23:56 [@DESKTOP-10B0EO1]
Interne #1 : Démarrage mailgateerror
2021-12-08 15:34:30 [2@DESKTOP-10B0EO1]
Internal #1: Launch closeticket
2021-12-08 15:45:40 [2@DESKTOP-10B0EO1]
Internal #1: Launch planningrecall
2021-12-08 16:04:10 [2@DESKTOP-10B0EO1]
Internal #1: Launch ticketrecurrent
2021-12-08 16:10:04 [2@DESKTOP-10B0EO1]
Internal #1: Launch queuednotification
2021-12-08 16:13:36 [@DESKTOP-10B0EO1]
Interne #1 : Démarrage alertnotclosed
2021-12-08 16:20:42 [2@DESKTOP-10B0EO1]
Internal #1: Launch slaticket
2021-12-08 16:25:55 [2@DESKTOP-10B0EO1]
Internal #1: Launch olaticket
2021-12-08 16:32:04 [2@DESKTOP-10B0EO1]
Internal #1: Launch mailgate
2021-12-08 16:37:23 [2@DESKTOP-10B0EO1]
Internal #1: Launch temp
