2021-11-21 20:37:08 [2@DESKTOP-10B0EO1]
Un courriel pour admsys@localhost a été ajouté à la file d'attente : [GLPI #0000014] Nouveau ticket azea
2021-11-21 20:46:52 [2@DESKTOP-10B0EO1]
Un courriel pour admsys@localhost a été ajouté à la file d'attente : [GLPI #0000010] Nouveau suivi asdaasfqf
2021-11-21 22:45:11 [4@DESKTOP-10B0EO1]
An email to admsys@localhost was added to queue: [GLPI #0000015] Nouveau ticket aze
2021-11-21 22:51:30 [4@DESKTOP-10B0EO1]
An email to admsys@localhost was added to queue: [GLPI #0000016] Nouveau ticket yoooooo
2021-11-21 23:00:11 [4@DESKTOP-10B0EO1]
An email to admsys@localhost was added to queue: [GLPI #0000012] Ticket résolu knha
2021-11-22 12:56:22 [9@DESKTOP-10B0EO1]
Un courriel pour admsys@localhost a été ajouté à la file d'attente : [GLPI #0000017] Nouveau ticket aze
2021-11-22 14:00:11 [2@DESKTOP-10B0EO1]
Un courriel pour admsys@localhost a été ajouté à la file d'attente : [GLPI #0000017] Ticket résolu aze
2021-11-22 14:12:09 [2@DESKTOP-10B0EO1]
Un courriel pour admsys@localhost a été ajouté à la file d'attente : [GLPI #0000013] Nouveau suivi aez
2021-11-23 16:41:44 [2@DESKTOP-10B0EO1]
Un courriel pour admsys@localhost a été ajouté à la file d'attente : [GLPI #0000018] Ticket résolu aze
2021-11-24 00:27:25 [2@DESKTOP-10B0EO1]
Un courriel pour admsys@localhost a été ajouté à la file d'attente : [GLPI #0000019] Nouveau ticket aze
2021-11-24 00:40:56 [2@DESKTOP-10B0EO1]
Un courriel pour admsys@localhost a été ajouté à la file d'attente : [GLPI #0000020] Nouveau ticket zae
2021-11-24 00:48:38 [2@DESKTOP-10B0EO1]
Un courriel pour admsys@localhost a été ajouté à la file d'attente : [GLPI #0000021] Nouveau ticket ,n
2021-11-24 19:21:00 [2@DESKTOP-10B0EO1]
Un courriel pour admsys@localhost a été ajouté à la file d'attente : [GLPI #0000022] Nouveau ticket oblock
2021-11-24 23:40:05 [2@DESKTOP-10B0EO1]
Un courriel pour admsys@localhost a été ajouté à la file d'attente : [GLPI #0000023] Nouveau ticket jj
2021-11-24 23:50:06 [4@DESKTOP-10B0EO1]
An email to admsys@localhost was added to queue: [GLPI #0000014] Nouveau suivi azeaééè
2021-11-24 23:57:54 [4@DESKTOP-10B0EO1]
An email to admsys@localhost was added to queue: [GLPI #0000036] Nouveau ticket aze
2021-11-25 10:17:53 [4@DESKTOP-10B0EO1]
An email to admsys@localhost was added to queue: [GLPI #0000037] Nouveau ticket kk
2021-11-25 10:18:33 [4@DESKTOP-10B0EO1]
An email to admsys@localhost was added to queue: [GLPI #0000038] Nouveau ticket aze
2021-11-25 15:56:11 [4@DESKTOP-10B0EO1]
An email to admsys@localhost was added to queue: [GLPI #0000042] Nouveau ticket aze
2021-11-25 16:04:56 [2@DESKTOP-10B0EO1]
Un courriel pour admsys@localhost a été ajouté à la file d'attente : [GLPI #0000048] Nouveau ticket ty
2021-11-25 22:32:45 [4@DESKTOP-10B0EO1]
An email to admsys@localhost was added to queue: [GLPI #0000049] Nouveau ticket aze
2021-11-25 22:37:44 [4@DESKTOP-10B0EO1]
An email to admsys@localhost was added to queue: [GLPI #0000050] Nouveau ticket aze
2021-11-28 12:31:09 [2@DESKTOP-10B0EO1]
Un courriel pour admsys@localhost a été ajouté à la file d'attente : [GLPI #0000051] Nouveau ticket aze
2021-11-28 12:31:29 [2@DESKTOP-10B0EO1]
Un courriel pour admsys@localhost a été ajouté à la file d'attente : [GLPI #0000052] Nouveau ticket ..
2021-11-28 12:40:23 [2@DESKTOP-10B0EO1]
Un courriel pour admsys@localhost a été ajouté à la file d'attente : [GLPI #0000053] Nouveau ticket az
2021-11-28 12:40:38 [2@DESKTOP-10B0EO1]
Un courriel pour admsys@localhost a été ajouté à la file d'attente : [GLPI #0000054] Nouveau ticket aze
2021-11-28 12:40:51 [2@DESKTOP-10B0EO1]
Un courriel pour admsys@localhost a été ajouté à la file d'attente : [GLPI #0000055] Nouveau ticket noo
2021-11-28 19:24:17 [2@DESKTOP-10B0EO1]
Un courriel pour admsys@localhost a été ajouté à la file d'attente : [GLPI #0000056] Nouveau ticket sbs
2021-11-28 19:24:37 [2@DESKTOP-10B0EO1]
Un courriel pour admsys@localhost a été ajouté à la file d'attente : [GLPI #0000057] Nouveau ticket dyd
2021-11-28 19:24:57 [2@DESKTOP-10B0EO1]
Un courriel pour admsys@localhost a été ajouté à la file d'attente : [GLPI #0000058] Nouveau ticket ok
2021-11-28 19:25:16 [2@DESKTOP-10B0EO1]
Un courriel pour admsys@localhost a été ajouté à la file d'attente : [GLPI #0000059] Nouveau ticket nwj
2021-11-28 19:25:46 [2@DESKTOP-10B0EO1]
Un courriel pour admsys@localhost a été ajouté à la file d'attente : [GLPI #0000060] Nouveau ticket vv
2021-11-28 19:26:03 [2@DESKTOP-10B0EO1]
Un courriel pour admsys@localhost a été ajouté à la file d'attente : [GLPI #0000061] Nouveau ticket vh
2021-11-28 19:57:22 [2@DESKTOP-10B0EO1]
Un courriel pour admsys@localhost a été ajouté à la file d'attente : [GLPI #0000062] Nouveau ticket bb
2021-11-29 16:07:32 [4@DESKTOP-10B0EO1]
An email to admsys@localhost was added to queue: [GLPI #0000063] Nouveau ticket drinkin lean
2021-11-29 16:08:04 [4@DESKTOP-10B0EO1]
An email to admsys@localhost was added to queue: [GLPI #0000064] Nouveau ticket yessirski
2021-11-29 16:08:36 [4@DESKTOP-10B0EO1]
An email to admsys@localhost was added to queue: [GLPI #0000065] Nouveau ticket ok
2021-11-29 16:22:12 [2@DESKTOP-10B0EO1]
Un courriel pour admsys@localhost a été ajouté à la file d'attente : [GLPI #0000066] Nouveau ticket dff
2021-11-29 16:23:01 [2@DESKTOP-10B0EO1]
Un courriel pour admsys@localhost a été ajouté à la file d'attente : [GLPI #0000067] Nouveau ticket hh,
2021-12-06 12:58:58 [2@DESKTOP-10B0EO1]
An email to admsys@localhost was added to queue: [GLPI #0000217] Nouveau suivi jj
2021-12-07 01:30:56 [2@DESKTOP-10B0EO1]
An email to admsys@localhost was added to queue: [GLPI #0000217] Nouvelle tâche jj
2021-12-07 09:36:47 [2@DESKTOP-10B0EO1]
An email to admsys@localhost was added to queue: [GLPI #0000217] Nouveau suivi jj
2021-12-07 09:38:11 [2@DESKTOP-10B0EO1]
An email to admsys@localhost was added to queue: [GLPI #0000217] Nouveau suivi jj
2021-12-07 09:38:37 [2@DESKTOP-10B0EO1]
An email to admsys@localhost was added to queue: [GLPI #0000217] Nouveau suivi jj
2021-12-08 14:24:13 [2@DESKTOP-10B0EO1]
An email to admsys@localhost was added to queue: [GLPI #0000197] Suppression d'un ticket aze
2021-12-08 14:24:16 [2@DESKTOP-10B0EO1]
An email to admsys@localhost was added to queue: [GLPI #0000199] Suppression d'un ticket err
2021-12-08 14:24:18 [2@DESKTOP-10B0EO1]
An email to admsys@localhost was added to queue: [GLPI #0000200] Suppression d'un ticket aze
2021-12-08 14:24:20 [2@DESKTOP-10B0EO1]
An email to admsys@localhost was added to queue: [GLPI #0000201] Suppression d'un ticket rod
2021-12-08 14:24:23 [2@DESKTOP-10B0EO1]
An email to admsys@localhost was added to queue: [GLPI #0000202] Suppression d'un ticket 45
2021-12-08 14:24:25 [2@DESKTOP-10B0EO1]
An email to admsys@localhost was added to queue: [GLPI #0000203] Suppression d'un ticket ze
2021-12-08 14:24:28 [2@DESKTOP-10B0EO1]
An email to admsys@localhost was added to queue: [GLPI #0000204] Suppression d'un ticket fut
2021-12-08 14:24:31 [2@DESKTOP-10B0EO1]
An email to admsys@localhost was added to queue: [GLPI #0000205] Suppression d'un ticket er
2021-12-08 14:24:33 [2@DESKTOP-10B0EO1]
An email to admsys@localhost was added to queue: [GLPI #0000206] Suppression d'un ticket er
2021-12-08 14:24:36 [2@DESKTOP-10B0EO1]
An email to admsys@localhost was added to queue: [GLPI #0000207] Suppression d'un ticket jj
2021-12-08 14:24:39 [2@DESKTOP-10B0EO1]
An email to admsys@localhost was added to queue: [GLPI #0000208] Suppression d'un ticket bb
2021-12-08 14:24:41 [2@DESKTOP-10B0EO1]
An email to admsys@localhost was added to queue: [GLPI #0000209] Suppression d'un ticket bb
2021-12-08 14:24:43 [2@DESKTOP-10B0EO1]
An email to admsys@localhost was added to queue: [GLPI #0000210] Suppression d'un ticket er
2021-12-08 14:24:46 [2@DESKTOP-10B0EO1]
An email to admsys@localhost was added to queue: [GLPI #0000211] Suppression d'un ticket rr
2021-12-08 14:24:48 [2@DESKTOP-10B0EO1]
An email to admsys@localhost was added to queue: [GLPI #0000212] Suppression d'un ticket er
2021-12-08 14:24:51 [2@DESKTOP-10B0EO1]
An email to admsys@localhost was added to queue: [GLPI #0000213] Suppression d'un ticket tt
2021-12-08 14:24:53 [2@DESKTOP-10B0EO1]
An email to admsys@localhost was added to queue: [GLPI #0000214] Suppression d'un ticket fosho
2021-12-08 14:24:55 [2@DESKTOP-10B0EO1]
An email to admsys@localhost was added to queue: [GLPI #0000215] Suppression d'un ticket err
2021-12-08 14:24:58 [2@DESKTOP-10B0EO1]
An email to admsys@localhost was added to queue: [GLPI #0000216] Suppression d'un ticket er
2021-12-08 14:25:01 [2@DESKTOP-10B0EO1]
An email to admsys@localhost was added to queue: [GLPI #0000217] Suppression d'un ticket jj
2021-12-08 14:31:30 [2@DESKTOP-10B0EO1]
An email to admsys@localhost was added to queue: [GLPI #0000014] Suppression d'un ticket azeaééè
2021-12-08 14:31:32 [2@DESKTOP-10B0EO1]
An email to admsys@localhost was added to queue: [GLPI #0000022] Suppression d'un ticket oblock
2021-12-08 14:31:35 [2@DESKTOP-10B0EO1]
An email to admsys@localhost was added to queue: [GLPI #0000023] Suppression d'un ticket jj
2021-12-08 14:31:37 [2@DESKTOP-10B0EO1]
An email to admsys@localhost was added to queue: [GLPI #0000036] Suppression d'un ticket aze
2021-12-08 14:31:39 [2@DESKTOP-10B0EO1]
An email to admsys@localhost was added to queue: [GLPI #0000037] Suppression d'un ticket kk
2021-12-08 14:31:41 [2@DESKTOP-10B0EO1]
An email to admsys@localhost was added to queue: [GLPI #0000038] Suppression d'un ticket aze
2021-12-08 14:31:44 [2@DESKTOP-10B0EO1]
An email to admsys@localhost was added to queue: [GLPI #0000042] Suppression d'un ticket aze
2021-12-08 14:31:46 [2@DESKTOP-10B0EO1]
An email to admsys@localhost was added to queue: [GLPI #0000048] Suppression d'un ticket ty
2021-12-08 14:31:48 [2@DESKTOP-10B0EO1]
An email to admsys@localhost was added to queue: [GLPI #0000049] Suppression d'un ticket aze
2021-12-08 14:31:51 [2@DESKTOP-10B0EO1]
An email to admsys@localhost was added to queue: [GLPI #0000050] Suppression d'un ticket aze
2021-12-08 14:31:53 [2@DESKTOP-10B0EO1]
An email to admsys@localhost was added to queue: [GLPI #0000051] Suppression d'un ticket aze
2021-12-08 14:31:55 [2@DESKTOP-10B0EO1]
An email to admsys@localhost was added to queue: [GLPI #0000052] Suppression d'un ticket ..
2021-12-08 14:31:58 [2@DESKTOP-10B0EO1]
An email to admsys@localhost was added to queue: [GLPI #0000053] Suppression d'un ticket az
2021-12-08 14:32:00 [2@DESKTOP-10B0EO1]
An email to admsys@localhost was added to queue: [GLPI #0000054] Suppression d'un ticket aze
2021-12-08 14:32:02 [2@DESKTOP-10B0EO1]
An email to admsys@localhost was added to queue: [GLPI #0000055] Suppression d'un ticket noo
2021-12-08 14:32:05 [2@DESKTOP-10B0EO1]
An email to admsys@localhost was added to queue: [GLPI #0000056] Suppression d'un ticket sbs
2021-12-08 14:32:07 [2@DESKTOP-10B0EO1]
An email to admsys@localhost was added to queue: [GLPI #0000057] Suppression d'un ticket dyd
2021-12-08 14:32:09 [2@DESKTOP-10B0EO1]
An email to admsys@localhost was added to queue: [GLPI #0000058] Suppression d'un ticket ok
2021-12-08 14:32:12 [2@DESKTOP-10B0EO1]
An email to admsys@localhost was added to queue: [GLPI #0000059] Suppression d'un ticket nwj
2021-12-08 14:32:14 [2@DESKTOP-10B0EO1]
An email to admsys@localhost was added to queue: [GLPI #0000060] Suppression d'un ticket vv
2021-12-08 14:32:16 [2@DESKTOP-10B0EO1]
An email to admsys@localhost was added to queue: [GLPI #0000061] Suppression d'un ticket vh
2021-12-08 14:32:19 [2@DESKTOP-10B0EO1]
An email to admsys@localhost was added to queue: [GLPI #0000062] Suppression d'un ticket bb
2021-12-08 14:32:21 [2@DESKTOP-10B0EO1]
An email to admsys@localhost was added to queue: [GLPI #0000063] Suppression d'un ticket drinkin lean
2021-12-08 14:32:23 [2@DESKTOP-10B0EO1]
An email to admsys@localhost was added to queue: [GLPI #0000064] Suppression d'un ticket yessirski
2021-12-08 14:32:25 [2@DESKTOP-10B0EO1]
An email to admsys@localhost was added to queue: [GLPI #0000065] Suppression d'un ticket ok
2021-12-08 14:32:28 [2@DESKTOP-10B0EO1]
An email to admsys@localhost was added to queue: [GLPI #0000066] Suppression d'un ticket dff
2021-12-08 14:32:30 [2@DESKTOP-10B0EO1]
An email to admsys@localhost was added to queue: [GLPI #0000067] Suppression d'un ticket hh,
2021-12-08 14:32:32 [2@DESKTOP-10B0EO1]
An email to admsys@localhost was added to queue: [GLPI #0000068] Suppression d'un ticket cheese
2021-12-08 14:32:35 [2@DESKTOP-10B0EO1]
An email to admsys@localhost was added to queue: [GLPI #0000069] Suppression d'un ticket aze
2021-12-08 14:32:37 [2@DESKTOP-10B0EO1]
An email to admsys@localhost was added to queue: [GLPI #0000070] Suppression d'un ticket aez
2021-12-08 14:32:39 [2@DESKTOP-10B0EO1]
An email to admsys@localhost was added to queue: [GLPI #0000071] Suppression d'un ticket he
2021-12-08 14:32:42 [2@DESKTOP-10B0EO1]
An email to admsys@localhost was added to queue: [GLPI #0000072] Suppression d'un ticket za
2021-12-08 14:32:44 [2@DESKTOP-10B0EO1]
An email to admsys@localhost was added to queue: [GLPI #0000073] Suppression d'un ticket wx
2021-12-08 14:32:46 [2@DESKTOP-10B0EO1]
An email to admsys@localhost was added to queue: [GLPI #0000074] Suppression d'un ticket aze
2021-12-08 14:32:48 [2@DESKTOP-10B0EO1]
An email to admsys@localhost was added to queue: [GLPI #0000075] Suppression d'un ticket hh
2021-12-08 14:32:51 [2@DESKTOP-10B0EO1]
An email to admsys@localhost was added to queue: [GLPI #0000076] Suppression d'un ticket gg
2021-12-08 14:32:53 [2@DESKTOP-10B0EO1]
An email to admsys@localhost was added to queue: [GLPI #0000077] Suppression d'un ticket vg
2021-12-08 14:32:55 [2@DESKTOP-10B0EO1]
An email to admsys@localhost was added to queue: [GLPI #0000078] Suppression d'un ticket jjhh
2021-12-08 14:32:58 [2@DESKTOP-10B0EO1]
An email to admsys@localhost was added to queue: [GLPI #0000079] Suppression d'un ticket gg
2021-12-08 14:33:00 [2@DESKTOP-10B0EO1]
An email to admsys@localhost was added to queue: [GLPI #0000080] Suppression d'un ticket wok
2021-12-08 14:33:02 [2@DESKTOP-10B0EO1]
An email to admsys@localhost was added to queue: [GLPI #0000081] Suppression d'un ticket aze
2021-12-08 14:33:04 [2@DESKTOP-10B0EO1]
An email to admsys@localhost was added to queue: [GLPI #0000082] Suppression d'un ticket azee
2021-12-08 14:33:07 [2@DESKTOP-10B0EO1]
An email to admsys@localhost was added to queue: [GLPI #0000083] Suppression d'un ticket aze
2021-12-08 14:33:09 [2@DESKTOP-10B0EO1]
An email to admsys@localhost was added to queue: [GLPI #0000084] Suppression d'un ticket aaa
2021-12-08 14:33:11 [2@DESKTOP-10B0EO1]
An email to admsys@localhost was added to queue: [GLPI #0000085] Suppression d'un ticket aa
2021-12-08 14:33:13 [2@DESKTOP-10B0EO1]
An email to admsys@localhost was added to queue: [GLPI #0000086] Suppression d'un ticket ze
2021-12-08 14:33:16 [2@DESKTOP-10B0EO1]
An email to admsys@localhost was added to queue: [GLPI #0000087] Suppression d'un ticket aze
2021-12-08 14:33:18 [2@DESKTOP-10B0EO1]
An email to admsys@localhost was added to queue: [GLPI #0000088] Suppression d'un ticket aze
2021-12-08 14:33:20 [2@DESKTOP-10B0EO1]
An email to admsys@localhost was added to queue: [GLPI #0000089] Suppression d'un ticket aze
2021-12-08 14:33:22 [2@DESKTOP-10B0EO1]
An email to admsys@localhost was added to queue: [GLPI #0000090] Suppression d'un ticket azeaaze
2021-12-08 14:33:25 [2@DESKTOP-10B0EO1]
An email to admsys@localhost was added to queue: [GLPI #0000091] Suppression d'un ticket ok
2021-12-08 14:33:27 [2@DESKTOP-10B0EO1]
An email to admsys@localhost was added to queue: [GLPI #0000092] Suppression d'un ticket aze
2021-12-08 14:33:29 [2@DESKTOP-10B0EO1]
An email to admsys@localhost was added to queue: [GLPI #0000093] Suppression d'un ticket a
2021-12-08 14:33:31 [2@DESKTOP-10B0EO1]
An email to admsys@localhost was added to queue: [GLPI #0000094] Suppression d'un ticket ok
2021-12-08 14:33:34 [2@DESKTOP-10B0EO1]
An email to admsys@localhost was added to queue: [GLPI #0000095] Suppression d'un ticket nn
2021-12-08 14:33:36 [2@DESKTOP-10B0EO1]
An email to admsys@localhost was added to queue: [GLPI #0000096] Suppression d'un ticket bien
2021-12-08 14:33:38 [2@DESKTOP-10B0EO1]
An email to admsys@localhost was added to queue: [GLPI #0000097] Suppression d'un ticket ff
2021-12-08 14:33:41 [2@DESKTOP-10B0EO1]
An email to admsys@localhost was added to queue: [GLPI #0000098] Suppression d'un ticket tt
2021-12-08 14:33:43 [2@DESKTOP-10B0EO1]
An email to admsys@localhost was added to queue: [GLPI #0000099] Suppression d'un ticket ayy
2021-12-08 14:33:45 [2@DESKTOP-10B0EO1]
An email to admsys@localhost was added to queue: [GLPI #0000100] Suppression d'un ticket aze
2021-12-08 14:33:47 [2@DESKTOP-10B0EO1]
An email to admsys@localhost was added to queue: [GLPI #0000101] Suppression d'un ticket yessir
2021-12-08 14:33:50 [2@DESKTOP-10B0EO1]
An email to admsys@localhost was added to queue: [GLPI #0000102] Suppression d'un ticket aze
2021-12-08 14:33:52 [2@DESKTOP-10B0EO1]
An email to admsys@localhost was added to queue: [GLPI #0000103] Suppression d'un ticket era
2021-12-08 14:33:54 [2@DESKTOP-10B0EO1]
An email to admsys@localhost was added to queue: [GLPI #0000104] Suppression d'un ticket aze
2021-12-08 14:33:56 [2@DESKTOP-10B0EO1]
An email to admsys@localhost was added to queue: [GLPI #0000105] Suppression d'un ticket rerere
2021-12-08 14:33:59 [2@DESKTOP-10B0EO1]
An email to admsys@localhost was added to queue: [GLPI #0000106] Suppression d'un ticket aze
2021-12-08 14:34:01 [2@DESKTOP-10B0EO1]
An email to admsys@localhost was added to queue: [GLPI #0000107] Suppression d'un ticket aa
2021-12-08 14:34:03 [2@DESKTOP-10B0EO1]
An email to admsys@localhost was added to queue: [GLPI #0000108] Suppression d'un ticket aa
2021-12-08 14:34:05 [2@DESKTOP-10B0EO1]
An email to admsys@localhost was added to queue: [GLPI #0000109] Suppression d'un ticket as
2021-12-08 14:34:08 [2@DESKTOP-10B0EO1]
An email to admsys@localhost was added to queue: [GLPI #0000110] Suppression d'un ticket wa
2021-12-08 14:34:10 [2@DESKTOP-10B0EO1]
An email to admsys@localhost was added to queue: [GLPI #0000111] Suppression d'un ticket aze
2021-12-08 14:34:13 [2@DESKTOP-10B0EO1]
An email to admsys@localhost was added to queue: [GLPI #0000112] Suppression d'un ticket aze
2021-12-08 14:34:15 [2@DESKTOP-10B0EO1]
An email to admsys@localhost was added to queue: [GLPI #0000113] Suppression d'un ticket Yhy
2021-12-08 14:34:17 [2@DESKTOP-10B0EO1]
An email to admsys@localhost was added to queue: [GLPI #0000114] Suppression d'un ticket Yy
2021-12-08 14:34:19 [2@DESKTOP-10B0EO1]
An email to admsys@localhost was added to queue: [GLPI #0000115] Suppression d'un ticket hh
2021-12-08 14:34:21 [2@DESKTOP-10B0EO1]
An email to admsys@localhost was added to queue: [GLPI #0000116] Suppression d'un ticket tet
2021-12-08 14:34:24 [2@DESKTOP-10B0EO1]
An email to admsys@localhost was added to queue: [GLPI #0000118] Suppression d'un ticket aze
2021-12-08 14:34:26 [2@DESKTOP-10B0EO1]
An email to admsys@localhost was added to queue: [GLPI #0000119] Suppression d'un ticket was
2021-12-08 14:34:28 [2@DESKTOP-10B0EO1]
An email to admsys@localhost was added to queue: [GLPI #0000120] Suppression d'un ticket 25322
2021-12-08 14:34:31 [2@DESKTOP-10B0EO1]
An email to admsys@localhost was added to queue: [GLPI #0000121] Suppression d'un ticket aze
2021-12-08 14:34:33 [2@DESKTOP-10B0EO1]
An email to admsys@localhost was added to queue: [GLPI #0000122] Suppression d'un ticket aze
2021-12-08 14:34:36 [2@DESKTOP-10B0EO1]
An email to admsys@localhost was added to queue: [GLPI #0000123] Suppression d'un ticket azezae
2021-12-08 14:34:38 [2@DESKTOP-10B0EO1]
An email to admsys@localhost was added to queue: [GLPI #0000124] Suppression d'un ticket ataa
2021-12-08 14:34:40 [2@DESKTOP-10B0EO1]
An email to admsys@localhost was added to queue: [GLPI #0000125] Suppression d'un ticket azzz
2021-12-08 14:34:42 [2@DESKTOP-10B0EO1]
An email to admsys@localhost was added to queue: [GLPI #0000126] Suppression d'un ticket pls
2021-12-08 14:34:45 [2@DESKTOP-10B0EO1]
An email to admsys@localhost was added to queue: [GLPI #0000127] Suppression d'un ticket aze
2021-12-08 14:34:47 [2@DESKTOP-10B0EO1]
An email to admsys@localhost was added to queue: [GLPI #0000128] Suppression d'un ticket aze
2021-12-08 14:34:49 [2@DESKTOP-10B0EO1]
An email to admsys@localhost was added to queue: [GLPI #0000129] Suppression d'un ticket yyy
2021-12-08 14:34:51 [2@DESKTOP-10B0EO1]
An email to admsys@localhost was added to queue: [GLPI #0000130] Suppression d'un ticket wvd
2021-12-08 14:34:53 [2@DESKTOP-10B0EO1]
An email to admsys@localhost was added to queue: [GLPI #0000131] Suppression d'un ticket nn
2021-12-08 14:34:56 [2@DESKTOP-10B0EO1]
An email to admsys@localhost was added to queue: [GLPI #0000132] Suppression d'un ticket hh
2021-12-08 14:34:58 [2@DESKTOP-10B0EO1]
An email to admsys@localhost was added to queue: [GLPI #0000133] Suppression d'un ticket hhh
2021-12-08 14:35:01 [2@DESKTOP-10B0EO1]
An email to admsys@localhost was added to queue: [GLPI #0000134] Suppression d'un ticket vhh
2021-12-08 14:35:03 [2@DESKTOP-10B0EO1]
An email to admsys@localhost was added to queue: [GLPI #0000135] Suppression d'un ticket gg
2021-12-08 14:35:05 [2@DESKTOP-10B0EO1]
An email to admsys@localhost was added to queue: [GLPI #0000136] Suppression d'un ticket cc
2021-12-08 14:35:07 [2@DESKTOP-10B0EO1]
An email to admsys@localhost was added to queue: [GLPI #0000137] Suppression d'un ticket gg
2021-12-08 14:35:10 [2@DESKTOP-10B0EO1]
An email to admsys@localhost was added to queue: [GLPI #0000138] Suppression d'un ticket yu
2021-12-08 14:35:12 [2@DESKTOP-10B0EO1]
An email to admsys@localhost was added to queue: [GLPI #0000139] Suppression d'un ticket ..
2021-12-08 14:35:14 [2@DESKTOP-10B0EO1]
An email to admsys@localhost was added to queue: [GLPI #0000140] Suppression d'un ticket jj
2021-12-08 14:35:16 [2@DESKTOP-10B0EO1]
An email to admsys@localhost was added to queue: [GLPI #0000141] Suppression d'un ticket hhg
2021-12-08 14:35:19 [2@DESKTOP-10B0EO1]
An email to admsys@localhost was added to queue: [GLPI #0000142] Suppression d'un ticket vvg
2021-12-08 14:35:21 [2@DESKTOP-10B0EO1]
An email to admsys@localhost was added to queue: [GLPI #0000143] Suppression d'un ticket hh
2021-12-08 14:35:23 [2@DESKTOP-10B0EO1]
An email to admsys@localhost was added to queue: [GLPI #0000144] Suppression d'un ticket jx
2021-12-08 14:35:25 [2@DESKTOP-10B0EO1]
An email to admsys@localhost was added to queue: [GLPI #0000145] Suppression d'un ticket whh
2021-12-08 14:35:28 [2@DESKTOP-10B0EO1]
An email to admsys@localhost was added to queue: [GLPI #0000146] Suppression d'un ticket gg
2021-12-08 14:35:30 [2@DESKTOP-10B0EO1]
An email to admsys@localhost was added to queue: [GLPI #0000147] Suppression d'un ticket 32
2021-12-08 14:35:32 [2@DESKTOP-10B0EO1]
An email to admsys@localhost was added to queue: [GLPI #0000148] Suppression d'un ticket 32
2021-12-08 14:35:35 [2@DESKTOP-10B0EO1]
An email to admsys@localhost was added to queue: [GLPI #0000149] Suppression d'un ticket aze
2021-12-08 14:35:37 [2@DESKTOP-10B0EO1]
An email to admsys@localhost was added to queue: [GLPI #0000150] Suppression d'un ticket zae
2021-12-08 14:35:39 [2@DESKTOP-10B0EO1]
An email to admsys@localhost was added to queue: [GLPI #0000151] Suppression d'un ticket er
2021-12-08 14:35:41 [2@DESKTOP-10B0EO1]
An email to admsys@localhost was added to queue: [GLPI #0000152] Suppression d'un ticket er
2021-12-08 14:35:44 [2@DESKTOP-10B0EO1]
An email to admsys@localhost was added to queue: [GLPI #0000153] Suppression d'un ticket aze
2021-12-08 14:35:46 [2@DESKTOP-10B0EO1]
An email to admsys@localhost was added to queue: [GLPI #0000154] Suppression d'un ticket zae
2021-12-08 14:35:48 [2@DESKTOP-10B0EO1]
An email to admsys@localhost was added to queue: [GLPI #0000155] Suppression d'un ticket rer
2021-12-08 14:35:50 [2@DESKTOP-10B0EO1]
An email to admsys@localhost was added to queue: [GLPI #0000157] Suppression d'un ticket zer
2021-12-08 14:35:53 [2@DESKTOP-10B0EO1]
An email to admsys@localhost was added to queue: [GLPI #0000158] Suppression d'un ticket ok
2021-12-08 14:35:55 [2@DESKTOP-10B0EO1]
An email to admsys@localhost was added to queue: [GLPI #0000159] Suppression d'un ticket er
2021-12-08 14:35:57 [2@DESKTOP-10B0EO1]
An email to admsys@localhost was added to queue: [GLPI #0000160] Suppression d'un ticket yessir
2021-12-08 14:35:59 [2@DESKTOP-10B0EO1]
An email to admsys@localhost was added to queue: [GLPI #0000161] Suppression d'un ticket aer
2021-12-08 14:36:02 [2@DESKTOP-10B0EO1]
An email to admsys@localhost was added to queue: [GLPI #0000162] Suppression d'un ticket aze
2021-12-08 14:36:04 [2@DESKTOP-10B0EO1]
An email to admsys@localhost was added to queue: [GLPI #0000163] Suppression d'un ticket q
2021-12-08 14:36:06 [2@DESKTOP-10B0EO1]
An email to admsys@localhost was added to queue: [GLPI #0000164] Suppression d'un ticket az
2021-12-08 14:36:09 [2@DESKTOP-10B0EO1]
An email to admsys@localhost was added to queue: [GLPI #0000165] Suppression d'un ticket zae
2021-12-08 14:36:11 [2@DESKTOP-10B0EO1]
An email to admsys@localhost was added to queue: [GLPI #0000166] Suppression d'un ticket ee
2021-12-08 14:36:13 [2@DESKTOP-10B0EO1]
An email to admsys@localhost was added to queue: [GLPI #0000170] Suppression d'un ticket er
2021-12-08 14:36:15 [2@DESKTOP-10B0EO1]
An email to admsys@localhost was added to queue: [GLPI #0000171] Suppression d'un ticket dsq
2021-12-08 14:36:17 [2@DESKTOP-10B0EO1]
An email to admsys@localhost was added to queue: [GLPI #0000172] Suppression d'un ticket ad
2021-12-08 14:36:20 [2@DESKTOP-10B0EO1]
An email to admsys@localhost was added to queue: [GLPI #0000173] Suppression d'un ticket zae
2021-12-08 14:36:22 [2@DESKTOP-10B0EO1]
An email to admsys@localhost was added to queue: [GLPI #0000174] Suppression d'un ticket 21
2021-12-08 14:36:24 [2@DESKTOP-10B0EO1]
An email to admsys@localhost was added to queue: [GLPI #0000175] Suppression d'un ticket er
2021-12-08 14:36:26 [2@DESKTOP-10B0EO1]
An email to admsys@localhost was added to queue: [GLPI #0000176] Suppression d'un ticket er
2021-12-08 14:36:29 [2@DESKTOP-10B0EO1]
An email to admsys@localhost was added to queue: [GLPI #0000177] Suppression d'un ticket aze
2021-12-08 14:36:31 [2@DESKTOP-10B0EO1]
An email to admsys@localhost was added to queue: [GLPI #0000178] Suppression d'un ticket 32
2021-12-08 14:36:33 [2@DESKTOP-10B0EO1]
An email to admsys@localhost was added to queue: [GLPI #0000179] Suppression d'un ticket aze
2021-12-08 14:36:35 [2@DESKTOP-10B0EO1]
An email to admsys@localhost was added to queue: [GLPI #0000180] Suppression d'un ticket ez
2021-12-08 14:36:37 [2@DESKTOP-10B0EO1]
An email to admsys@localhost was added to queue: [GLPI #0000181] Suppression d'un ticket re
2021-12-08 14:36:40 [2@DESKTOP-10B0EO1]
An email to admsys@localhost was added to queue: [GLPI #0000182] Suppression d'un ticket 32
2021-12-08 14:36:42 [2@DESKTOP-10B0EO1]
An email to admsys@localhost was added to queue: [GLPI #0000183] Suppression d'un ticket ..
2021-12-08 14:36:44 [2@DESKTOP-10B0EO1]
An email to admsys@localhost was added to queue: [GLPI #0000184] Suppression d'un ticket eza
2021-12-08 14:36:47 [2@DESKTOP-10B0EO1]
An email to admsys@localhost was added to queue: [GLPI #0000185] Suppression d'un ticket ez
2021-12-08 14:36:49 [2@DESKTOP-10B0EO1]
An email to admsys@localhost was added to queue: [GLPI #0000186] Suppression d'un ticket erz
2021-12-08 14:36:51 [2@DESKTOP-10B0EO1]
An email to admsys@localhost was added to queue: [GLPI #0000187] Suppression d'un ticket rez
2021-12-08 14:36:54 [2@DESKTOP-10B0EO1]
An email to admsys@localhost was added to queue: [GLPI #0000188] Suppression d'un ticket eze
2021-12-08 14:36:56 [2@DESKTOP-10B0EO1]
An email to admsys@localhost was added to queue: [GLPI #0000189] Suppression d'un ticket eze
2021-12-08 14:36:58 [2@DESKTOP-10B0EO1]
An email to admsys@localhost was added to queue: [GLPI #0000190] Suppression d'un ticket ee
2021-12-08 14:37:01 [2@DESKTOP-10B0EO1]
An email to admsys@localhost was added to queue: [GLPI #0000191] Suppression d'un ticket rer
2021-12-08 14:37:03 [2@DESKTOP-10B0EO1]
An email to admsys@localhost was added to queue: [GLPI #0000193] Suppression d'un ticket aze
2021-12-08 14:37:05 [2@DESKTOP-10B0EO1]
An email to admsys@localhost was added to queue: [GLPI #0000194] Suppression d'un ticket aze
2021-12-08 14:37:07 [2@DESKTOP-10B0EO1]
An email to admsys@localhost was added to queue: [GLPI #0000195] Suppression d'un ticket 23
2021-12-08 14:37:10 [2@DESKTOP-10B0EO1]
An email to admsys@localhost was added to queue: [GLPI #0000196] Suppression d'un ticket er
2021-12-08 14:37:43 [2@DESKTOP-10B0EO1]
An email to admsys@localhost was added to queue: [GLPI #0000010] Suppression d'un ticket asdaasfqf
2021-12-08 14:37:43 [2@DESKTOP-10B0EO1]
An email to admsys@localhost was added to queue: [GLPI #0000013] Suppression d'un ticket aez
2021-12-08 14:37:44 [2@DESKTOP-10B0EO1]
An email to admsys@localhost was added to queue: [GLPI #0000015] Suppression d'un ticket aze
2021-12-08 14:37:46 [2@DESKTOP-10B0EO1]
An email to admsys@localhost was added to queue: [GLPI #0000016] Suppression d'un ticket yoooooo
2021-12-08 14:37:48 [2@DESKTOP-10B0EO1]
An email to admsys@localhost was added to queue: [GLPI #0000019] Suppression d'un ticket aze
2021-12-08 14:37:51 [2@DESKTOP-10B0EO1]
An email to admsys@localhost was added to queue: [GLPI #0000020] Suppression d'un ticket zae
2021-12-08 14:37:53 [2@DESKTOP-10B0EO1]
An email to admsys@localhost was added to queue: [GLPI #0000021] Suppression d'un ticket ,n
2021-12-08 14:41:45 [2@DESKTOP-10B0EO1]
An email to admsys@localhost was added to queue: [GLPI #0000012] Suppression d'un ticket knha
2021-12-08 14:41:47 [2@DESKTOP-10B0EO1]
An email to admsys@localhost was added to queue: [GLPI #0000017] Suppression d'un ticket aze
2021-12-08 14:41:49 [2@DESKTOP-10B0EO1]
An email to admsys@localhost was added to queue: [GLPI #0000018] Suppression d'un ticket aze
2021-12-08 14:41:52 [2@DESKTOP-10B0EO1]
An email to admsys@localhost was added to queue: [GLPI #0000156] Suppression d'un ticket bv
2021-12-08 14:41:54 [2@DESKTOP-10B0EO1]
An email to admsys@localhost was added to queue: [GLPI #0000167] Suppression d'un ticket ee
2021-12-08 14:50:39 [2@DESKTOP-10B0EO1]
An email to admsys@localhost was added to queue: [GLPI #0000198] Nouveau suivi er
2021-12-08 14:51:36 [2@DESKTOP-10B0EO1]
An email to admsys@localhost was added to queue: [GLPI #0000198] Nouvelle tâche er
2021-12-08 14:52:13 [2@DESKTOP-10B0EO1]
An email to admsys@localhost was added to queue: [GLPI #0000198] Mise à jour d'une tâche er
2021-12-08 14:52:16 [2@DESKTOP-10B0EO1]
An email to admsys@localhost was added to queue: [GLPI #0000198] Mise à jour d'une tâche er
2021-12-08 15:02:24 [2@DESKTOP-10B0EO1]
An email to admsys@localhost was added to queue: [GLPI #0000198] Ticket résolu er
2021-12-08 15:02:34 [2@DESKTOP-10B0EO1]
An email to admsys@localhost was added to queue: [GLPI #0000198] Nouveau suivi er
2021-12-08 15:02:35 [2@DESKTOP-10B0EO1]
An email to admsys@localhost was added to queue: [GLPI #0000198] Clôture du ticket er
2021-12-08 15:20:38 [2@DESKTOP-10B0EO1]
An email to admsys@localhost was added to queue: [GLPI #0000218] Nouveau ticket gg
2021-12-08 15:20:40 [2@DESKTOP-10B0EO1]
An email to admsys@localhost was added to queue: [GLPI #0000219] Nouveau ticket gg
2021-12-08 15:21:05 [2@DESKTOP-10B0EO1]
An email to admsys@localhost was added to queue: [GLPI #0000219] Nouvelle tâche gg
2021-12-08 15:31:15 [2@DESKTOP-10B0EO1]
An email to admsys@localhost was added to queue: [GLPI #0000220] Nouveau ticket zae
2021-12-08 15:31:43 [2@DESKTOP-10B0EO1]
An email to admsys@localhost was added to queue: [GLPI #0000221] Nouveau ticket er
