2021-11-21 20:37:10 [2@DESKTOP-10B0EO1]
Attention : un courriel n'a pas pu être délivré à admsys@localhost. 5 tentatives restantes. Message : [GLPI #0000014] Nouveau ticket azea, Erreur : Could not instantiate mail function.
2021-11-21 21:49:01 [@DESKTOP-10B0EO1]
Attention : un courriel n'a pas pu être délivré à admsys@localhost. 4 tentatives restantes. Message : [GLPI #0000014] Nouveau ticket azea, Erreur : Could not instantiate mail function.
2021-11-21 21:49:03 [@DESKTOP-10B0EO1]
Attention : un courriel n'a pas pu être délivré à admsys@localhost. 5 tentatives restantes. Message : [GLPI #0000010] Nouveau suivi asdaasfqf, Erreur : Could not instantiate mail function.
2021-11-21 22:45:13 [4@DESKTOP-10B0EO1]
Warning: an email was undeliverable to admsys@localhost with 5 retries remaining. Message: [GLPI #0000015] Nouveau ticket aze, Error: Could not instantiate mail function.
2021-11-21 22:51:32 [4@DESKTOP-10B0EO1]
Warning: an email was undeliverable to admsys@localhost with 5 retries remaining. Message: [GLPI #0000016] Nouveau ticket yoooooo, Error: Could not instantiate mail function.
2021-11-21 23:00:13 [4@DESKTOP-10B0EO1]
Warning: an email was undeliverable to admsys@localhost with 5 retries remaining. Message: [GLPI #0000012] Ticket résolu knha, Error: Could not instantiate mail function.
2021-11-22 12:54:08 [4@DESKTOP-10B0EO1]
Warning: an email was undeliverable to admsys@localhost with 3 retries remaining. Message: [GLPI #0000014] Nouveauéé ticket azea, Error: Could not instantiate mail function.
2021-11-22 12:54:10 [4@DESKTOP-10B0EO1]
Warning: an email was undeliverable to admsys@localhost with 4 retries remaining. Message: [GLPI #0000010] Nouveau suivi asdaasfqf, Error: Could not instantiate mail function.
2021-11-22 12:54:12 [4@DESKTOP-10B0EO1]
Warning: an email was undeliverable to admsys@localhost with 4 retries remaining. Message: [GLPI #0000015] Nouveau ticket aze, Error: Could not instantiate mail function.
2021-11-22 12:54:14 [4@DESKTOP-10B0EO1]
Warning: an email was undeliverable to admsys@localhost with 4 retries remaining. Message: [GLPI #0000016] Nouveau ticket yoooooo, Error: Could not instantiate mail function.
2021-11-22 12:54:16 [4@DESKTOP-10B0EO1]
Warning: an email was undeliverable to admsys@localhost with 4 retries remaining. Message: [GLPI #0000012] Ticket résolu knha, Error: Could not instantiate mail function.
2021-11-22 12:56:24 [9@DESKTOP-10B0EO1]
Attention : un courriel n'a pas pu être délivré à admsys@localhost. 5 tentatives restantes. Message : [GLPI #0000017] Nouveau ticket aze, Erreur : Could not instantiate mail function.
2021-11-22 14:00:13 [2@DESKTOP-10B0EO1]
Attention : un courriel n'a pas pu être délivré à admsys@localhost. 5 tentatives restantes. Message : [GLPI #0000017] Ticket résolu aze, Erreur : Could not instantiate mail function.
2021-11-22 22:08:05 [2@DESKTOP-10B0EO1]
Attention : un courriel n'a pas pu être délivré à admsys@localhost. 2 tentatives restantes. Message : [GLPI #0000014] Nouveauéé ticket azea ββββ, Erreur : Could not instantiate mail function.
2021-11-22 22:08:08 [2@DESKTOP-10B0EO1]
Attention : un courriel n'a pas pu être délivré à admsys@localhost. 3 tentatives restantes. Message : [GLPI #0000010] Nouveau suivi asdaasfqf, Erreur : Could not instantiate mail function.
2021-11-22 22:08:10 [2@DESKTOP-10B0EO1]
Attention : un courriel n'a pas pu être délivré à admsys@localhost. 3 tentatives restantes. Message : [GLPI #0000015] Nouveau ticket aze, Erreur : Could not instantiate mail function.
2021-11-22 22:08:12 [2@DESKTOP-10B0EO1]
Attention : un courriel n'a pas pu être délivré à admsys@localhost. 3 tentatives restantes. Message : [GLPI #0000016] Nouveau ticket yoooooo, Erreur : Could not instantiate mail function.
2021-11-22 22:08:14 [2@DESKTOP-10B0EO1]
Attention : un courriel n'a pas pu être délivré à admsys@localhost. 3 tentatives restantes. Message : [GLPI #0000012] Ticket résolu knha, Erreur : Could not instantiate mail function.
2021-11-22 22:08:16 [2@DESKTOP-10B0EO1]
Attention : un courriel n'a pas pu être délivré à admsys@localhost. 4 tentatives restantes. Message : [GLPI #0000017] Ticket résolu aze ??!, Erreur : Could not instantiate mail function.
2021-11-22 22:08:18 [2@DESKTOP-10B0EO1]
Attention : un courriel n'a pas pu être délivré à admsys@localhost. 5 tentatives restantes. Message : [GLPI #0000013] Nouveau suivi aez, Erreur : Could not instantiate mail function.
2021-11-23 16:41:46 [2@DESKTOP-10B0EO1]
Attention : un courriel n'a pas pu être délivré à admsys@localhost. 5 tentatives restantes. Message : [GLPI #0000018] Ticket résolu aze, Erreur : Could not instantiate mail function.
2021-11-24 00:27:27 [2@DESKTOP-10B0EO1]
Attention : un courriel n'a pas pu être délivré à admsys@localhost. 5 tentatives restantes. Message : [GLPI #0000019] Nouveau ticket aze, Erreur : Could not instantiate mail function.
2021-11-24 00:40:59 [2@DESKTOP-10B0EO1]
Attention : un courriel n'a pas pu être délivré à admsys@localhost. 5 tentatives restantes. Message : [GLPI #0000020] Nouveau ticket zae, Erreur : Could not instantiate mail function.
2021-11-24 00:48:40 [2@DESKTOP-10B0EO1]
Attention : un courriel n'a pas pu être délivré à admsys@localhost. 5 tentatives restantes. Message : [GLPI #0000021] Nouveau ticket ,n, Erreur : Could not instantiate mail function.
2021-11-24 19:21:02 [2@DESKTOP-10B0EO1]
Attention : un courriel n'a pas pu être délivré à admsys@localhost. 5 tentatives restantes. Message : [GLPI #0000022] Nouveau ticket oblock, Erreur : Could not instantiate mail function.
2021-11-24 23:40:08 [2@DESKTOP-10B0EO1]
Attention : un courriel n'a pas pu être délivré à admsys@localhost. 5 tentatives restantes. Message : [GLPI #0000023] Nouveau ticket jj, Erreur : Could not instantiate mail function.
2021-11-24 23:45:45 [2@DESKTOP-10B0EO1]
Attention : un courriel n'a pas pu être délivré à admsys@localhost. 1 tentatives restantes. Message : [GLPI #0000014] Nouveau ticket azea , Erreur : Could not instantiate mail function.
2021-11-24 23:45:47 [2@DESKTOP-10B0EO1]
Attention : un courriel n'a pas pu être délivré à admsys@localhost. 2 tentatives restantes. Message : [GLPI #0000010] Nouveau suivi asdaasfqf, Erreur : Could not instantiate mail function.
2021-11-24 23:45:49 [2@DESKTOP-10B0EO1]
Attention : un courriel n'a pas pu être délivré à admsys@localhost. 2 tentatives restantes. Message : [GLPI #0000015] Nouveau ticket aze, Erreur : Could not instantiate mail function.
2021-11-24 23:45:51 [2@DESKTOP-10B0EO1]
Attention : un courriel n'a pas pu être délivré à admsys@localhost. 2 tentatives restantes. Message : [GLPI #0000016] Nouveau ticket yoooooo, Erreur : Could not instantiate mail function.
2021-11-24 23:45:53 [2@DESKTOP-10B0EO1]
Attention : un courriel n'a pas pu être délivré à admsys@localhost. 2 tentatives restantes. Message : [GLPI #0000012] Ticket résolu knha, Erreur : Could not instantiate mail function.
2021-11-24 23:45:56 [2@DESKTOP-10B0EO1]
Attention : un courriel n'a pas pu être délivré à admsys@localhost. 3 tentatives restantes. Message : [GLPI #0000017] Ticket résolu aze ??!, Erreur : Could not instantiate mail function.
2021-11-24 23:45:58 [2@DESKTOP-10B0EO1]
Attention : un courriel n'a pas pu être délivré à admsys@localhost. 4 tentatives restantes. Message : [GLPI #0000013] Nouveau suivi aez, Erreur : Could not instantiate mail function.
2021-11-24 23:46:00 [2@DESKTOP-10B0EO1]
Attention : un courriel n'a pas pu être délivré à admsys@localhost. 4 tentatives restantes. Message : [GLPI #0000018] Ticket résolu aze, Erreur : Could not instantiate mail function.
2021-11-24 23:46:02 [2@DESKTOP-10B0EO1]
Attention : un courriel n'a pas pu être délivré à admsys@localhost. 4 tentatives restantes. Message : [GLPI #0000019] Nouveau ticket aze, Erreur : Could not instantiate mail function.
2021-11-24 23:46:04 [2@DESKTOP-10B0EO1]
Attention : un courriel n'a pas pu être délivré à admsys@localhost. 4 tentatives restantes. Message : [GLPI #0000020] Nouveau ééticket zae, Erreur : Could not instantiate mail function.
2021-11-24 23:46:06 [2@DESKTOP-10B0EO1]
Attention : un courriel n'a pas pu être délivré à admsys@localhost. 4 tentatives restantes. Message : [GLPI #0000021] Nouveau ticket ,nééé, Erreur : Could not instantiate mail function.
2021-11-24 23:46:08 [2@DESKTOP-10B0EO1]
Attention : un courriel n'a pas pu être délivré à admsys@localhost. 4 tentatives restantes. Message : [GLPI #0000022] Nouveau ticket oblock, Erreur : Could not instantiate mail function.
2021-11-24 23:46:11 [2@DESKTOP-10B0EO1]
Attention : un courriel n'a pas pu être délivré à admsys@localhost. 4 tentatives restantes. Message : [GLPI #0000023] Nouveau ticket jj, Erreur : Could not instantiate mail function.
2021-11-24 23:57:56 [4@DESKTOP-10B0EO1]
Warning: an email was undeliverable to admsys@localhost with 5 retries remaining. Message: [GLPI #0000036] Nouveau ticket aze, Error: Could not instantiate mail function.
2021-11-25 10:17:55 [4@DESKTOP-10B0EO1]
Warning: an email was undeliverable to admsys@localhost with 5 retries remaining. Message: [GLPI #0000037] Nouveau ticket kk, Error: Could not instantiate mail function.
2021-11-25 10:18:35 [4@DESKTOP-10B0EO1]
Warning: an email was undeliverable to admsys@localhost with 5 retries remaining. Message: [GLPI #0000038] Nouveau ticket aze, Error: Could not instantiate mail function.
2021-11-25 15:56:13 [4@DESKTOP-10B0EO1]
Warning: an email was undeliverable to admsys@localhost with 5 retries remaining. Message: [GLPI #0000042] Nouveau ticket aze, Error: Could not instantiate mail function.
2021-11-25 16:04:58 [2@DESKTOP-10B0EO1]
Attention : un courriel n'a pas pu être délivré à admsys@localhost. 5 tentatives restantes. Message : [GLPI #0000048] Nouveau ticket ty, Erreur : Could not instantiate mail function.
2021-11-25 22:32:47 [4@DESKTOP-10B0EO1]
Warning: an email was undeliverable to admsys@localhost with 5 retries remaining. Message: [GLPI #0000049] Nouveau ticket aze, Error: Could not instantiate mail function.
2021-11-25 22:37:46 [4@DESKTOP-10B0EO1]
Warning: an email was undeliverable to admsys@localhost with 5 retries remaining. Message: [GLPI #0000050] Nouveau ticket aze, Error: Could not instantiate mail function.
2021-11-28 12:31:12 [2@DESKTOP-10B0EO1]
Attention : un courriel n'a pas pu être délivré à admsys@localhost. 5 tentatives restantes. Message : [GLPI #0000051] Nouveau ticket aze, Erreur : Could not instantiate mail function.
2021-11-28 12:31:32 [2@DESKTOP-10B0EO1]
Attention : un courriel n'a pas pu être délivré à admsys@localhost. 5 tentatives restantes. Message : [GLPI #0000052] Nouveau ticket .., Erreur : Could not instantiate mail function.
2021-11-28 12:40:25 [2@DESKTOP-10B0EO1]
Attention : un courriel n'a pas pu être délivré à admsys@localhost. 5 tentatives restantes. Message : [GLPI #0000053] Nouveau ticket az, Erreur : Could not instantiate mail function.
2021-11-28 12:40:40 [2@DESKTOP-10B0EO1]
Attention : un courriel n'a pas pu être délivré à admsys@localhost. 5 tentatives restantes. Message : [GLPI #0000054] Nouveau ticket aze, Erreur : Could not instantiate mail function.
2021-11-28 12:40:53 [2@DESKTOP-10B0EO1]
Attention : un courriel n'a pas pu être délivré à admsys@localhost. 5 tentatives restantes. Message : [GLPI #0000055] Nouveau ticket noo, Erreur : Could not instantiate mail function.
2021-11-28 19:24:20 [2@DESKTOP-10B0EO1]
Attention : un courriel n'a pas pu être délivré à admsys@localhost. 5 tentatives restantes. Message : [GLPI #0000056] Nouveau ticket sbs, Erreur : Could not instantiate mail function.
2021-11-28 19:24:39 [2@DESKTOP-10B0EO1]
Attention : un courriel n'a pas pu être délivré à admsys@localhost. 5 tentatives restantes. Message : [GLPI #0000057] Nouveau ticket dyd, Erreur : Could not instantiate mail function.
2021-11-28 19:24:59 [2@DESKTOP-10B0EO1]
Attention : un courriel n'a pas pu être délivré à admsys@localhost. 5 tentatives restantes. Message : [GLPI #0000058] Nouveau ticket ok, Erreur : Could not instantiate mail function.
2021-11-28 19:25:19 [2@DESKTOP-10B0EO1]
Attention : un courriel n'a pas pu être délivré à admsys@localhost. 5 tentatives restantes. Message : [GLPI #0000059] Nouveau ticket nwj, Erreur : Could not instantiate mail function.
2021-11-28 19:25:48 [2@DESKTOP-10B0EO1]
Attention : un courriel n'a pas pu être délivré à admsys@localhost. 5 tentatives restantes. Message : [GLPI #0000060] Nouveau ticket vv, Erreur : Could not instantiate mail function.
2021-11-28 19:26:05 [2@DESKTOP-10B0EO1]
Attention : un courriel n'a pas pu être délivré à admsys@localhost. 5 tentatives restantes. Message : [GLPI #0000061] Nouveau ticket vh, Erreur : Could not instantiate mail function.
2021-11-28 19:57:24 [2@DESKTOP-10B0EO1]
Attention : un courriel n'a pas pu être délivré à admsys@localhost. 5 tentatives restantes. Message : [GLPI #0000062] Nouveau ticket bb, Erreur : Could not instantiate mail function.
2021-11-29 16:07:34 [4@DESKTOP-10B0EO1]
Warning: an email was undeliverable to admsys@localhost with 5 retries remaining. Message: [GLPI #0000063] Nouveau ticket drinkin lean, Error: Could not instantiate mail function.
2021-11-29 16:08:06 [4@DESKTOP-10B0EO1]
Warning: an email was undeliverable to admsys@localhost with 5 retries remaining. Message: [GLPI #0000064] Nouveau ticket yessirski, Error: Could not instantiate mail function.
2021-11-29 16:08:38 [4@DESKTOP-10B0EO1]
Warning: an email was undeliverable to admsys@localhost with 5 retries remaining. Message: [GLPI #0000065] Nouveau ticket ok, Error: Could not instantiate mail function.
2021-11-29 16:22:14 [2@DESKTOP-10B0EO1]
Attention : un courriel n'a pas pu être délivré à admsys@localhost. 5 tentatives restantes. Message : [GLPI #0000066] Nouveau ticket dff, Erreur : Could not instantiate mail function.
2021-11-29 16:23:03 [2@DESKTOP-10B0EO1]
Attention : un courriel n'a pas pu être délivré à admsys@localhost. 5 tentatives restantes. Message : [GLPI #0000067] Nouveau ticket hh,, Erreur : Could not instantiate mail function.
2021-12-07 03:29:35 [@DESKTOP-10B0EO1]
Attention : un courriel n'a pas pu être délivré à admsys@localhost. 5 tentatives restantes. Message : [GLPI #0000014] Nouveau suivi azeaééè, Erreur : Could not instantiate mail function.
2021-12-07 03:29:37 [@DESKTOP-10B0EO1]
Attention : un courriel n'a pas pu être délivré à admsys@localhost. 1 tentatives restantes. Message : [GLPI #0000010] Nouveau suivi asdaasfqf, Erreur : Could not instantiate mail function.
2021-12-07 03:29:40 [@DESKTOP-10B0EO1]
Attention : un courriel n'a pas pu être délivré à admsys@localhost. 1 tentatives restantes. Message : [GLPI #0000015] Nouveau ticket aze, Erreur : Could not instantiate mail function.
2021-12-07 03:29:42 [@DESKTOP-10B0EO1]
Attention : un courriel n'a pas pu être délivré à admsys@localhost. 1 tentatives restantes. Message : [GLPI #0000016] Nouveau ticket yoooooo, Erreur : Could not instantiate mail function.
2021-12-07 03:29:44 [@DESKTOP-10B0EO1]
Attention : un courriel n'a pas pu être délivré à admsys@localhost. 1 tentatives restantes. Message : [GLPI #0000012] Ticket résolu knha, Erreur : Could not instantiate mail function.
2021-12-07 03:29:46 [@DESKTOP-10B0EO1]
Attention : un courriel n'a pas pu être délivré à admsys@localhost. 2 tentatives restantes. Message : [GLPI #0000017] Ticket résolu aze ??!, Erreur : Could not instantiate mail function.
2021-12-07 03:29:48 [@DESKTOP-10B0EO1]
Attention : un courriel n'a pas pu être délivré à admsys@localhost. 3 tentatives restantes. Message : [GLPI #0000013] Nouveau suivi aez, Erreur : Could not instantiate mail function.
2021-12-07 03:29:51 [@DESKTOP-10B0EO1]
Attention : un courriel n'a pas pu être délivré à admsys@localhost. 3 tentatives restantes. Message : [GLPI #0000018] Ticket résolu aze, Erreur : Could not instantiate mail function.
2021-12-07 03:29:53 [@DESKTOP-10B0EO1]
Attention : un courriel n'a pas pu être délivré à admsys@localhost. 3 tentatives restantes. Message : [GLPI #0000019] Nouveau ticket aze, Erreur : Could not instantiate mail function.
2021-12-07 03:29:55 [@DESKTOP-10B0EO1]
Attention : un courriel n'a pas pu être délivré à admsys@localhost. 3 tentatives restantes. Message : [GLPI #0000020] Nouveau ééticket zae, Erreur : Could not instantiate mail function.
2021-12-07 03:29:57 [@DESKTOP-10B0EO1]
Attention : un courriel n'a pas pu être délivré à admsys@localhost. 3 tentatives restantes. Message : [GLPI #0000021] Nouveau ticket ,nééé, Erreur : Could not instantiate mail function.
2021-12-07 03:29:59 [@DESKTOP-10B0EO1]
Attention : un courriel n'a pas pu être délivré à admsys@localhost. 3 tentatives restantes. Message : [GLPI #0000022] Nouveau ticket oblock, Erreur : Could not instantiate mail function.
2021-12-07 03:30:01 [@DESKTOP-10B0EO1]
Attention : un courriel n'a pas pu être délivré à admsys@localhost. 3 tentatives restantes. Message : [GLPI #0000023] Nouveau ticket jj, Erreur : Could not instantiate mail function.
2021-12-07 03:30:03 [@DESKTOP-10B0EO1]
Attention : un courriel n'a pas pu être délivré à admsys@localhost. 4 tentatives restantes. Message : [GLPI #0000036] Nouveau ticket aze, Erreur : Could not instantiate mail function.
2021-12-07 03:30:05 [@DESKTOP-10B0EO1]
Attention : un courriel n'a pas pu être délivré à admsys@localhost. 4 tentatives restantes. Message : [GLPI #0000037] Nouveau ticket kk, Erreur : Could not instantiate mail function.
2021-12-07 03:30:08 [@DESKTOP-10B0EO1]
Attention : un courriel n'a pas pu être délivré à admsys@localhost. 4 tentatives restantes. Message : [GLPI #0000038] Nouveau ticket aze, Erreur : Could not instantiate mail function.
2021-12-07 03:30:10 [@DESKTOP-10B0EO1]
Attention : un courriel n'a pas pu être délivré à admsys@localhost. 4 tentatives restantes. Message : [GLPI #0000042] Nouveau ticket aze, Erreur : Could not instantiate mail function.
2021-12-07 03:30:12 [@DESKTOP-10B0EO1]
Attention : un courriel n'a pas pu être délivré à admsys@localhost. 4 tentatives restantes. Message : [GLPI #0000048] Nouveau ticket ty, Erreur : Could not instantiate mail function.
2021-12-07 03:30:14 [@DESKTOP-10B0EO1]
Attention : un courriel n'a pas pu être délivré à admsys@localhost. 4 tentatives restantes. Message : [GLPI #0000049] Nouveau ticket aze, Erreur : Could not instantiate mail function.
2021-12-07 03:30:16 [@DESKTOP-10B0EO1]
Attention : un courriel n'a pas pu être délivré à admsys@localhost. 4 tentatives restantes. Message : [GLPI #0000050] Nouveau ticket aze, Erreur : Could not instantiate mail function.
2021-12-07 03:30:18 [@DESKTOP-10B0EO1]
Attention : un courriel n'a pas pu être délivré à admsys@localhost. 4 tentatives restantes. Message : [GLPI #0000051] Nouveau ticket aze, Erreur : Could not instantiate mail function.
2021-12-07 03:30:21 [@DESKTOP-10B0EO1]
Attention : un courriel n'a pas pu être délivré à admsys@localhost. 4 tentatives restantes. Message : [GLPI #0000052] Nouveau ticket .., Erreur : Could not instantiate mail function.
2021-12-07 03:30:23 [@DESKTOP-10B0EO1]
Attention : un courriel n'a pas pu être délivré à admsys@localhost. 4 tentatives restantes. Message : [GLPI #0000053] Nouveau ticket az, Erreur : Could not instantiate mail function.
2021-12-07 03:30:25 [@DESKTOP-10B0EO1]
Attention : un courriel n'a pas pu être délivré à admsys@localhost. 4 tentatives restantes. Message : [GLPI #0000054] Nouveau ticket aze, Erreur : Could not instantiate mail function.
2021-12-07 03:30:27 [@DESKTOP-10B0EO1]
Attention : un courriel n'a pas pu être délivré à admsys@localhost. 4 tentatives restantes. Message : [GLPI #0000055] Nouveau ticket noo, Erreur : Could not instantiate mail function.
2021-12-07 03:30:29 [@DESKTOP-10B0EO1]
Attention : un courriel n'a pas pu être délivré à admsys@localhost. 4 tentatives restantes. Message : [GLPI #0000056] Nouveau ticket sbs, Erreur : Could not instantiate mail function.
2021-12-07 03:30:32 [@DESKTOP-10B0EO1]
Attention : un courriel n'a pas pu être délivré à admsys@localhost. 4 tentatives restantes. Message : [GLPI #0000057] Nouveau ticket dyd, Erreur : Could not instantiate mail function.
2021-12-07 03:30:34 [@DESKTOP-10B0EO1]
Attention : un courriel n'a pas pu être délivré à admsys@localhost. 4 tentatives restantes. Message : [GLPI #0000058] Nouveau ticket ok, Erreur : Could not instantiate mail function.
2021-12-07 03:30:36 [@DESKTOP-10B0EO1]
Attention : un courriel n'a pas pu être délivré à admsys@localhost. 4 tentatives restantes. Message : [GLPI #0000059] Nouveau ticket nwj, Erreur : Could not instantiate mail function.
2021-12-07 03:30:39 [@DESKTOP-10B0EO1]
Attention : un courriel n'a pas pu être délivré à admsys@localhost. 4 tentatives restantes. Message : [GLPI #0000060] Nouveau ticket vv, Erreur : Could not instantiate mail function.
2021-12-07 03:30:41 [@DESKTOP-10B0EO1]
Attention : un courriel n'a pas pu être délivré à admsys@localhost. 4 tentatives restantes. Message : [GLPI #0000061] Nouveau ticket vh, Erreur : Could not instantiate mail function.
2021-12-07 03:30:43 [@DESKTOP-10B0EO1]
Attention : un courriel n'a pas pu être délivré à admsys@localhost. 4 tentatives restantes. Message : [GLPI #0000062] Nouveau ticket bb, Erreur : Could not instantiate mail function.
2021-12-07 03:30:45 [@DESKTOP-10B0EO1]
Attention : un courriel n'a pas pu être délivré à admsys@localhost. 4 tentatives restantes. Message : [GLPI #0000063] Nouveau ticket drinkin lean, Erreur : Could not instantiate mail function.
2021-12-07 03:30:47 [@DESKTOP-10B0EO1]
Attention : un courriel n'a pas pu être délivré à admsys@localhost. 4 tentatives restantes. Message : [GLPI #0000064] Nouveau ticket yessirski, Erreur : Could not instantiate mail function.
2021-12-07 03:30:49 [@DESKTOP-10B0EO1]
Attention : un courriel n'a pas pu être délivré à admsys@localhost. 4 tentatives restantes. Message : [GLPI #0000065] Nouveau ticket ok, Erreur : Could not instantiate mail function.
2021-12-07 03:30:51 [@DESKTOP-10B0EO1]
Attention : un courriel n'a pas pu être délivré à admsys@localhost. 4 tentatives restantes. Message : [GLPI #0000066] Nouveau ticket dff, Erreur : Could not instantiate mail function.
2021-12-07 03:30:53 [@DESKTOP-10B0EO1]
Attention : un courriel n'a pas pu être délivré à admsys@localhost. 4 tentatives restantes. Message : [GLPI #0000067] Nouveau ticket hh,, Erreur : Could not instantiate mail function.
2021-12-07 03:30:55 [@DESKTOP-10B0EO1]
Attention : un courriel n'a pas pu être délivré à admsys@localhost. 5 tentatives restantes. Message : [GLPI #0000217] Nouvelle tâche jj, Erreur : Could not instantiate mail function.
2021-12-08 14:24:15 [2@DESKTOP-10B0EO1]
Warning: an email was undeliverable to admsys@localhost with 5 retries remaining. Message: [GLPI #0000197] Suppression d'un ticket aze, Error: Could not instantiate mail function.
2021-12-08 14:24:18 [2@DESKTOP-10B0EO1]
Warning: an email was undeliverable to admsys@localhost with 5 retries remaining. Message: [GLPI #0000199] Suppression d'un ticket err, Error: Could not instantiate mail function.
2021-12-08 14:24:20 [2@DESKTOP-10B0EO1]
Warning: an email was undeliverable to admsys@localhost with 5 retries remaining. Message: [GLPI #0000200] Suppression d'un ticket aze, Error: Could not instantiate mail function.
2021-12-08 14:24:22 [2@DESKTOP-10B0EO1]
Warning: an email was undeliverable to admsys@localhost with 5 retries remaining. Message: [GLPI #0000201] Suppression d'un ticket rod, Error: Could not instantiate mail function.
2021-12-08 14:24:25 [2@DESKTOP-10B0EO1]
Warning: an email was undeliverable to admsys@localhost with 5 retries remaining. Message: [GLPI #0000202] Suppression d'un ticket 45, Error: Could not instantiate mail function.
2021-12-08 14:24:27 [2@DESKTOP-10B0EO1]
Warning: an email was undeliverable to admsys@localhost with 5 retries remaining. Message: [GLPI #0000203] Suppression d'un ticket ze, Error: Could not instantiate mail function.
2021-12-08 14:24:30 [2@DESKTOP-10B0EO1]
Warning: an email was undeliverable to admsys@localhost with 5 retries remaining. Message: [GLPI #0000204] Suppression d'un ticket fut, Error: Could not instantiate mail function.
2021-12-08 14:24:33 [2@DESKTOP-10B0EO1]
Warning: an email was undeliverable to admsys@localhost with 5 retries remaining. Message: [GLPI #0000205] Suppression d'un ticket er, Error: Could not instantiate mail function.
2021-12-08 14:24:36 [2@DESKTOP-10B0EO1]
Warning: an email was undeliverable to admsys@localhost with 5 retries remaining. Message: [GLPI #0000206] Suppression d'un ticket er, Error: Could not instantiate mail function.
2021-12-08 14:24:38 [2@DESKTOP-10B0EO1]
Warning: an email was undeliverable to admsys@localhost with 5 retries remaining. Message: [GLPI #0000207] Suppression d'un ticket jj, Error: Could not instantiate mail function.
2021-12-08 14:24:41 [2@DESKTOP-10B0EO1]
Warning: an email was undeliverable to admsys@localhost with 5 retries remaining. Message: [GLPI #0000208] Suppression d'un ticket bb, Error: Could not instantiate mail function.
2021-12-08 14:24:43 [2@DESKTOP-10B0EO1]
Warning: an email was undeliverable to admsys@localhost with 5 retries remaining. Message: [GLPI #0000209] Suppression d'un ticket bb, Error: Could not instantiate mail function.
2021-12-08 14:24:46 [2@DESKTOP-10B0EO1]
Warning: an email was undeliverable to admsys@localhost with 5 retries remaining. Message: [GLPI #0000210] Suppression d'un ticket er, Error: Could not instantiate mail function.
2021-12-08 14:24:48 [2@DESKTOP-10B0EO1]
Warning: an email was undeliverable to admsys@localhost with 5 retries remaining. Message: [GLPI #0000211] Suppression d'un ticket rr, Error: Could not instantiate mail function.
2021-12-08 14:24:50 [2@DESKTOP-10B0EO1]
Warning: an email was undeliverable to admsys@localhost with 5 retries remaining. Message: [GLPI #0000212] Suppression d'un ticket er, Error: Could not instantiate mail function.
2021-12-08 14:24:53 [2@DESKTOP-10B0EO1]
Warning: an email was undeliverable to admsys@localhost with 5 retries remaining. Message: [GLPI #0000213] Suppression d'un ticket tt, Error: Could not instantiate mail function.
2021-12-08 14:24:55 [2@DESKTOP-10B0EO1]
Warning: an email was undeliverable to admsys@localhost with 5 retries remaining. Message: [GLPI #0000214] Suppression d'un ticket fosho, Error: Could not instantiate mail function.
2021-12-08 14:24:58 [2@DESKTOP-10B0EO1]
Warning: an email was undeliverable to admsys@localhost with 5 retries remaining. Message: [GLPI #0000215] Suppression d'un ticket err, Error: Could not instantiate mail function.
2021-12-08 14:25:00 [2@DESKTOP-10B0EO1]
Warning: an email was undeliverable to admsys@localhost with 5 retries remaining. Message: [GLPI #0000216] Suppression d'un ticket er, Error: Could not instantiate mail function.
2021-12-08 14:25:03 [2@DESKTOP-10B0EO1]
Warning: an email was undeliverable to admsys@localhost with 5 retries remaining. Message: [GLPI #0000217] Suppression d'un ticket jj, Error: Could not instantiate mail function.
2021-12-08 14:31:32 [2@DESKTOP-10B0EO1]
Warning: an email was undeliverable to admsys@localhost with 5 retries remaining. Message: [GLPI #0000014] Suppression d'un ticket azeaééè, Error: Could not instantiate mail function.
2021-12-08 14:31:34 [2@DESKTOP-10B0EO1]
Warning: an email was undeliverable to admsys@localhost with 5 retries remaining. Message: [GLPI #0000022] Suppression d'un ticket oblock, Error: Could not instantiate mail function.
2021-12-08 14:31:37 [2@DESKTOP-10B0EO1]
Warning: an email was undeliverable to admsys@localhost with 5 retries remaining. Message: [GLPI #0000023] Suppression d'un ticket jj, Error: Could not instantiate mail function.
2021-12-08 14:31:39 [2@DESKTOP-10B0EO1]
Warning: an email was undeliverable to admsys@localhost with 5 retries remaining. Message: [GLPI #0000036] Suppression d'un ticket aze, Error: Could not instantiate mail function.
2021-12-08 14:31:41 [2@DESKTOP-10B0EO1]
Warning: an email was undeliverable to admsys@localhost with 5 retries remaining. Message: [GLPI #0000037] Suppression d'un ticket kk, Error: Could not instantiate mail function.
2021-12-08 14:31:44 [2@DESKTOP-10B0EO1]
Warning: an email was undeliverable to admsys@localhost with 5 retries remaining. Message: [GLPI #0000038] Suppression d'un ticket aze, Error: Could not instantiate mail function.
2021-12-08 14:31:46 [2@DESKTOP-10B0EO1]
Warning: an email was undeliverable to admsys@localhost with 5 retries remaining. Message: [GLPI #0000042] Suppression d'un ticket aze, Error: Could not instantiate mail function.
2021-12-08 14:31:48 [2@DESKTOP-10B0EO1]
Warning: an email was undeliverable to admsys@localhost with 5 retries remaining. Message: [GLPI #0000048] Suppression d'un ticket ty, Error: Could not instantiate mail function.
2021-12-08 14:31:50 [2@DESKTOP-10B0EO1]
Warning: an email was undeliverable to admsys@localhost with 5 retries remaining. Message: [GLPI #0000049] Suppression d'un ticket aze, Error: Could not instantiate mail function.
2021-12-08 14:31:53 [2@DESKTOP-10B0EO1]
Warning: an email was undeliverable to admsys@localhost with 5 retries remaining. Message: [GLPI #0000050] Suppression d'un ticket aze, Error: Could not instantiate mail function.
2021-12-08 14:31:55 [2@DESKTOP-10B0EO1]
Warning: an email was undeliverable to admsys@localhost with 5 retries remaining. Message: [GLPI #0000051] Suppression d'un ticket aze, Error: Could not instantiate mail function.
2021-12-08 14:31:57 [2@DESKTOP-10B0EO1]
Warning: an email was undeliverable to admsys@localhost with 5 retries remaining. Message: [GLPI #0000052] Suppression d'un ticket .., Error: Could not instantiate mail function.
2021-12-08 14:32:00 [2@DESKTOP-10B0EO1]
Warning: an email was undeliverable to admsys@localhost with 5 retries remaining. Message: [GLPI #0000053] Suppression d'un ticket az, Error: Could not instantiate mail function.
2021-12-08 14:32:02 [2@DESKTOP-10B0EO1]
Warning: an email was undeliverable to admsys@localhost with 5 retries remaining. Message: [GLPI #0000054] Suppression d'un ticket aze, Error: Could not instantiate mail function.
2021-12-08 14:32:04 [2@DESKTOP-10B0EO1]
Warning: an email was undeliverable to admsys@localhost with 5 retries remaining. Message: [GLPI #0000055] Suppression d'un ticket noo, Error: Could not instantiate mail function.
2021-12-08 14:32:07 [2@DESKTOP-10B0EO1]
Warning: an email was undeliverable to admsys@localhost with 5 retries remaining. Message: [GLPI #0000056] Suppression d'un ticket sbs, Error: Could not instantiate mail function.
2021-12-08 14:32:09 [2@DESKTOP-10B0EO1]
Warning: an email was undeliverable to admsys@localhost with 5 retries remaining. Message: [GLPI #0000057] Suppression d'un ticket dyd, Error: Could not instantiate mail function.
2021-12-08 14:32:11 [2@DESKTOP-10B0EO1]
Warning: an email was undeliverable to admsys@localhost with 5 retries remaining. Message: [GLPI #0000058] Suppression d'un ticket ok, Error: Could not instantiate mail function.
2021-12-08 14:32:14 [2@DESKTOP-10B0EO1]
Warning: an email was undeliverable to admsys@localhost with 5 retries remaining. Message: [GLPI #0000059] Suppression d'un ticket nwj, Error: Could not instantiate mail function.
2021-12-08 14:32:16 [2@DESKTOP-10B0EO1]
Warning: an email was undeliverable to admsys@localhost with 5 retries remaining. Message: [GLPI #0000060] Suppression d'un ticket vv, Error: Could not instantiate mail function.
2021-12-08 14:32:18 [2@DESKTOP-10B0EO1]
Warning: an email was undeliverable to admsys@localhost with 5 retries remaining. Message: [GLPI #0000061] Suppression d'un ticket vh, Error: Could not instantiate mail function.
2021-12-08 14:32:21 [2@DESKTOP-10B0EO1]
Warning: an email was undeliverable to admsys@localhost with 5 retries remaining. Message: [GLPI #0000062] Suppression d'un ticket bb, Error: Could not instantiate mail function.
2021-12-08 14:32:23 [2@DESKTOP-10B0EO1]
Warning: an email was undeliverable to admsys@localhost with 5 retries remaining. Message: [GLPI #0000063] Suppression d'un ticket drinkin lean, Error: Could not instantiate mail function.
2021-12-08 14:32:25 [2@DESKTOP-10B0EO1]
Warning: an email was undeliverable to admsys@localhost with 5 retries remaining. Message: [GLPI #0000064] Suppression d'un ticket yessirski, Error: Could not instantiate mail function.
2021-12-08 14:32:28 [2@DESKTOP-10B0EO1]
Warning: an email was undeliverable to admsys@localhost with 5 retries remaining. Message: [GLPI #0000065] Suppression d'un ticket ok, Error: Could not instantiate mail function.
2021-12-08 14:32:30 [2@DESKTOP-10B0EO1]
Warning: an email was undeliverable to admsys@localhost with 5 retries remaining. Message: [GLPI #0000066] Suppression d'un ticket dff, Error: Could not instantiate mail function.
2021-12-08 14:32:32 [2@DESKTOP-10B0EO1]
Warning: an email was undeliverable to admsys@localhost with 5 retries remaining. Message: [GLPI #0000067] Suppression d'un ticket hh,, Error: Could not instantiate mail function.
2021-12-08 14:32:35 [2@DESKTOP-10B0EO1]
Warning: an email was undeliverable to admsys@localhost with 5 retries remaining. Message: [GLPI #0000068] Suppression d'un ticket cheese, Error: Could not instantiate mail function.
2021-12-08 14:32:37 [2@DESKTOP-10B0EO1]
Warning: an email was undeliverable to admsys@localhost with 5 retries remaining. Message: [GLPI #0000069] Suppression d'un ticket aze, Error: Could not instantiate mail function.
2021-12-08 14:32:39 [2@DESKTOP-10B0EO1]
Warning: an email was undeliverable to admsys@localhost with 5 retries remaining. Message: [GLPI #0000070] Suppression d'un ticket aez, Error: Could not instantiate mail function.
2021-12-08 14:32:42 [2@DESKTOP-10B0EO1]
Warning: an email was undeliverable to admsys@localhost with 5 retries remaining. Message: [GLPI #0000071] Suppression d'un ticket he, Error: Could not instantiate mail function.
2021-12-08 14:32:44 [2@DESKTOP-10B0EO1]
Warning: an email was undeliverable to admsys@localhost with 5 retries remaining. Message: [GLPI #0000072] Suppression d'un ticket za, Error: Could not instantiate mail function.
2021-12-08 14:32:46 [2@DESKTOP-10B0EO1]
Warning: an email was undeliverable to admsys@localhost with 5 retries remaining. Message: [GLPI #0000073] Suppression d'un ticket wx, Error: Could not instantiate mail function.
2021-12-08 14:32:48 [2@DESKTOP-10B0EO1]
Warning: an email was undeliverable to admsys@localhost with 5 retries remaining. Message: [GLPI #0000074] Suppression d'un ticket aze, Error: Could not instantiate mail function.
2021-12-08 14:32:51 [2@DESKTOP-10B0EO1]
Warning: an email was undeliverable to admsys@localhost with 5 retries remaining. Message: [GLPI #0000075] Suppression d'un ticket hh, Error: Could not instantiate mail function.
2021-12-08 14:32:53 [2@DESKTOP-10B0EO1]
Warning: an email was undeliverable to admsys@localhost with 5 retries remaining. Message: [GLPI #0000076] Suppression d'un ticket gg, Error: Could not instantiate mail function.
2021-12-08 14:32:55 [2@DESKTOP-10B0EO1]
Warning: an email was undeliverable to admsys@localhost with 5 retries remaining. Message: [GLPI #0000077] Suppression d'un ticket vg, Error: Could not instantiate mail function.
2021-12-08 14:32:57 [2@DESKTOP-10B0EO1]
Warning: an email was undeliverable to admsys@localhost with 5 retries remaining. Message: [GLPI #0000078] Suppression d'un ticket jjhh, Error: Could not instantiate mail function.
2021-12-08 14:33:00 [2@DESKTOP-10B0EO1]
Warning: an email was undeliverable to admsys@localhost with 5 retries remaining. Message: [GLPI #0000079] Suppression d'un ticket gg, Error: Could not instantiate mail function.
2021-12-08 14:33:02 [2@DESKTOP-10B0EO1]
Warning: an email was undeliverable to admsys@localhost with 5 retries remaining. Message: [GLPI #0000080] Suppression d'un ticket wok, Error: Could not instantiate mail function.
2021-12-08 14:33:04 [2@DESKTOP-10B0EO1]
Warning: an email was undeliverable to admsys@localhost with 5 retries remaining. Message: [GLPI #0000081] Suppression d'un ticket aze, Error: Could not instantiate mail function.
2021-12-08 14:33:07 [2@DESKTOP-10B0EO1]
Warning: an email was undeliverable to admsys@localhost with 5 retries remaining. Message: [GLPI #0000082] Suppression d'un ticket azee, Error: Could not instantiate mail function.
2021-12-08 14:33:09 [2@DESKTOP-10B0EO1]
Warning: an email was undeliverable to admsys@localhost with 5 retries remaining. Message: [GLPI #0000083] Suppression d'un ticket aze, Error: Could not instantiate mail function.
2021-12-08 14:33:11 [2@DESKTOP-10B0EO1]
Warning: an email was undeliverable to admsys@localhost with 5 retries remaining. Message: [GLPI #0000084] Suppression d'un ticket aaa, Error: Could not instantiate mail function.
2021-12-08 14:33:13 [2@DESKTOP-10B0EO1]
Warning: an email was undeliverable to admsys@localhost with 5 retries remaining. Message: [GLPI #0000085] Suppression d'un ticket aa, Error: Could not instantiate mail function.
2021-12-08 14:33:16 [2@DESKTOP-10B0EO1]
Warning: an email was undeliverable to admsys@localhost with 5 retries remaining. Message: [GLPI #0000086] Suppression d'un ticket ze, Error: Could not instantiate mail function.
2021-12-08 14:33:18 [2@DESKTOP-10B0EO1]
Warning: an email was undeliverable to admsys@localhost with 5 retries remaining. Message: [GLPI #0000087] Suppression d'un ticket aze, Error: Could not instantiate mail function.
2021-12-08 14:33:20 [2@DESKTOP-10B0EO1]
Warning: an email was undeliverable to admsys@localhost with 5 retries remaining. Message: [GLPI #0000088] Suppression d'un ticket aze, Error: Could not instantiate mail function.
2021-12-08 14:33:22 [2@DESKTOP-10B0EO1]
Warning: an email was undeliverable to admsys@localhost with 5 retries remaining. Message: [GLPI #0000089] Suppression d'un ticket aze, Error: Could not instantiate mail function.
2021-12-08 14:33:24 [2@DESKTOP-10B0EO1]
Warning: an email was undeliverable to admsys@localhost with 5 retries remaining. Message: [GLPI #0000090] Suppression d'un ticket azeaaze, Error: Could not instantiate mail function.
2021-12-08 14:33:27 [2@DESKTOP-10B0EO1]
Warning: an email was undeliverable to admsys@localhost with 5 retries remaining. Message: [GLPI #0000091] Suppression d'un ticket ok, Error: Could not instantiate mail function.
2021-12-08 14:33:29 [2@DESKTOP-10B0EO1]
Warning: an email was undeliverable to admsys@localhost with 5 retries remaining. Message: [GLPI #0000092] Suppression d'un ticket aze, Error: Could not instantiate mail function.
2021-12-08 14:33:31 [2@DESKTOP-10B0EO1]
Warning: an email was undeliverable to admsys@localhost with 5 retries remaining. Message: [GLPI #0000093] Suppression d'un ticket a, Error: Could not instantiate mail function.
2021-12-08 14:33:33 [2@DESKTOP-10B0EO1]
Warning: an email was undeliverable to admsys@localhost with 5 retries remaining. Message: [GLPI #0000094] Suppression d'un ticket ok, Error: Could not instantiate mail function.
2021-12-08 14:33:36 [2@DESKTOP-10B0EO1]
Warning: an email was undeliverable to admsys@localhost with 5 retries remaining. Message: [GLPI #0000095] Suppression d'un ticket nn, Error: Could not instantiate mail function.
2021-12-08 14:33:38 [2@DESKTOP-10B0EO1]
Warning: an email was undeliverable to admsys@localhost with 5 retries remaining. Message: [GLPI #0000096] Suppression d'un ticket bien, Error: Could not instantiate mail function.
2021-12-08 14:33:40 [2@DESKTOP-10B0EO1]
Warning: an email was undeliverable to admsys@localhost with 5 retries remaining. Message: [GLPI #0000097] Suppression d'un ticket ff, Error: Could not instantiate mail function.
2021-12-08 14:33:43 [2@DESKTOP-10B0EO1]
Warning: an email was undeliverable to admsys@localhost with 5 retries remaining. Message: [GLPI #0000098] Suppression d'un ticket tt, Error: Could not instantiate mail function.
2021-12-08 14:33:45 [2@DESKTOP-10B0EO1]
Warning: an email was undeliverable to admsys@localhost with 5 retries remaining. Message: [GLPI #0000099] Suppression d'un ticket ayy, Error: Could not instantiate mail function.
2021-12-08 14:33:47 [2@DESKTOP-10B0EO1]
Warning: an email was undeliverable to admsys@localhost with 5 retries remaining. Message: [GLPI #0000100] Suppression d'un ticket aze, Error: Could not instantiate mail function.
2021-12-08 14:33:49 [2@DESKTOP-10B0EO1]
Warning: an email was undeliverable to admsys@localhost with 5 retries remaining. Message: [GLPI #0000101] Suppression d'un ticket yessir, Error: Could not instantiate mail function.
2021-12-08 14:33:52 [2@DESKTOP-10B0EO1]
Warning: an email was undeliverable to admsys@localhost with 5 retries remaining. Message: [GLPI #0000102] Suppression d'un ticket aze, Error: Could not instantiate mail function.
2021-12-08 14:33:54 [2@DESKTOP-10B0EO1]
Warning: an email was undeliverable to admsys@localhost with 5 retries remaining. Message: [GLPI #0000103] Suppression d'un ticket era, Error: Could not instantiate mail function.
2021-12-08 14:33:56 [2@DESKTOP-10B0EO1]
Warning: an email was undeliverable to admsys@localhost with 5 retries remaining. Message: [GLPI #0000104] Suppression d'un ticket aze, Error: Could not instantiate mail function.
2021-12-08 14:33:58 [2@DESKTOP-10B0EO1]
Warning: an email was undeliverable to admsys@localhost with 5 retries remaining. Message: [GLPI #0000105] Suppression d'un ticket rerere, Error: Could not instantiate mail function.
2021-12-08 14:34:01 [2@DESKTOP-10B0EO1]
Warning: an email was undeliverable to admsys@localhost with 5 retries remaining. Message: [GLPI #0000106] Suppression d'un ticket aze, Error: Could not instantiate mail function.
2021-12-08 14:34:03 [2@DESKTOP-10B0EO1]
Warning: an email was undeliverable to admsys@localhost with 5 retries remaining. Message: [GLPI #0000107] Suppression d'un ticket aa, Error: Could not instantiate mail function.
2021-12-08 14:34:05 [2@DESKTOP-10B0EO1]
Warning: an email was undeliverable to admsys@localhost with 5 retries remaining. Message: [GLPI #0000108] Suppression d'un ticket aa, Error: Could not instantiate mail function.
2021-12-08 14:34:07 [2@DESKTOP-10B0EO1]
Warning: an email was undeliverable to admsys@localhost with 5 retries remaining. Message: [GLPI #0000109] Suppression d'un ticket as, Error: Could not instantiate mail function.
2021-12-08 14:34:10 [2@DESKTOP-10B0EO1]
Warning: an email was undeliverable to admsys@localhost with 5 retries remaining. Message: [GLPI #0000110] Suppression d'un ticket wa, Error: Could not instantiate mail function.
2021-12-08 14:34:12 [2@DESKTOP-10B0EO1]
Warning: an email was undeliverable to admsys@localhost with 5 retries remaining. Message: [GLPI #0000111] Suppression d'un ticket aze, Error: Could not instantiate mail function.
2021-12-08 14:34:15 [2@DESKTOP-10B0EO1]
Warning: an email was undeliverable to admsys@localhost with 5 retries remaining. Message: [GLPI #0000112] Suppression d'un ticket aze, Error: Could not instantiate mail function.
2021-12-08 14:34:17 [2@DESKTOP-10B0EO1]
Warning: an email was undeliverable to admsys@localhost with 5 retries remaining. Message: [GLPI #0000113] Suppression d'un ticket Yhy, Error: Could not instantiate mail function.
2021-12-08 14:34:19 [2@DESKTOP-10B0EO1]
Warning: an email was undeliverable to admsys@localhost with 5 retries remaining. Message: [GLPI #0000114] Suppression d'un ticket Yy, Error: Could not instantiate mail function.
2021-12-08 14:34:21 [2@DESKTOP-10B0EO1]
Warning: an email was undeliverable to admsys@localhost with 5 retries remaining. Message: [GLPI #0000115] Suppression d'un ticket hh, Error: Could not instantiate mail function.
2021-12-08 14:34:23 [2@DESKTOP-10B0EO1]
Warning: an email was undeliverable to admsys@localhost with 5 retries remaining. Message: [GLPI #0000116] Suppression d'un ticket tet, Error: Could not instantiate mail function.
2021-12-08 14:34:26 [2@DESKTOP-10B0EO1]
Warning: an email was undeliverable to admsys@localhost with 5 retries remaining. Message: [GLPI #0000118] Suppression d'un ticket aze, Error: Could not instantiate mail function.
2021-12-08 14:34:28 [2@DESKTOP-10B0EO1]
Warning: an email was undeliverable to admsys@localhost with 5 retries remaining. Message: [GLPI #0000119] Suppression d'un ticket was, Error: Could not instantiate mail function.
2021-12-08 14:34:30 [2@DESKTOP-10B0EO1]
Warning: an email was undeliverable to admsys@localhost with 5 retries remaining. Message: [GLPI #0000120] Suppression d'un ticket 25322, Error: Could not instantiate mail function.
2021-12-08 14:34:33 [2@DESKTOP-10B0EO1]
Warning: an email was undeliverable to admsys@localhost with 5 retries remaining. Message: [GLPI #0000121] Suppression d'un ticket aze, Error: Could not instantiate mail function.
2021-12-08 14:34:35 [2@DESKTOP-10B0EO1]
Warning: an email was undeliverable to admsys@localhost with 5 retries remaining. Message: [GLPI #0000122] Suppression d'un ticket aze, Error: Could not instantiate mail function.
2021-12-08 14:34:38 [2@DESKTOP-10B0EO1]
Warning: an email was undeliverable to admsys@localhost with 5 retries remaining. Message: [GLPI #0000123] Suppression d'un ticket azezae, Error: Could not instantiate mail function.
2021-12-08 14:34:40 [2@DESKTOP-10B0EO1]
Warning: an email was undeliverable to admsys@localhost with 5 retries remaining. Message: [GLPI #0000124] Suppression d'un ticket ataa, Error: Could not instantiate mail function.
2021-12-08 14:34:42 [2@DESKTOP-10B0EO1]
Warning: an email was undeliverable to admsys@localhost with 5 retries remaining. Message: [GLPI #0000125] Suppression d'un ticket azzz, Error: Could not instantiate mail function.
2021-12-08 14:34:44 [2@DESKTOP-10B0EO1]
Warning: an email was undeliverable to admsys@localhost with 5 retries remaining. Message: [GLPI #0000126] Suppression d'un ticket pls, Error: Could not instantiate mail function.
2021-12-08 14:34:47 [2@DESKTOP-10B0EO1]
Warning: an email was undeliverable to admsys@localhost with 5 retries remaining. Message: [GLPI #0000127] Suppression d'un ticket aze, Error: Could not instantiate mail function.
2021-12-08 14:34:49 [2@DESKTOP-10B0EO1]
Warning: an email was undeliverable to admsys@localhost with 5 retries remaining. Message: [GLPI #0000128] Suppression d'un ticket aze, Error: Could not instantiate mail function.
2021-12-08 14:34:51 [2@DESKTOP-10B0EO1]
Warning: an email was undeliverable to admsys@localhost with 5 retries remaining. Message: [GLPI #0000129] Suppression d'un ticket yyy, Error: Could not instantiate mail function.
2021-12-08 14:34:53 [2@DESKTOP-10B0EO1]
Warning: an email was undeliverable to admsys@localhost with 5 retries remaining. Message: [GLPI #0000130] Suppression d'un ticket wvd, Error: Could not instantiate mail function.
2021-12-08 14:34:56 [2@DESKTOP-10B0EO1]
Warning: an email was undeliverable to admsys@localhost with 5 retries remaining. Message: [GLPI #0000131] Suppression d'un ticket nn, Error: Could not instantiate mail function.
2021-12-08 14:34:58 [2@DESKTOP-10B0EO1]
Warning: an email was undeliverable to admsys@localhost with 5 retries remaining. Message: [GLPI #0000132] Suppression d'un ticket hh, Error: Could not instantiate mail function.
2021-12-08 14:35:00 [2@DESKTOP-10B0EO1]
Warning: an email was undeliverable to admsys@localhost with 5 retries remaining. Message: [GLPI #0000133] Suppression d'un ticket hhh, Error: Could not instantiate mail function.
2021-12-08 14:35:03 [2@DESKTOP-10B0EO1]
Warning: an email was undeliverable to admsys@localhost with 5 retries remaining. Message: [GLPI #0000134] Suppression d'un ticket vhh, Error: Could not instantiate mail function.
2021-12-08 14:35:05 [2@DESKTOP-10B0EO1]
Warning: an email was undeliverable to admsys@localhost with 5 retries remaining. Message: [GLPI #0000135] Suppression d'un ticket gg, Error: Could not instantiate mail function.
2021-12-08 14:35:07 [2@DESKTOP-10B0EO1]
Warning: an email was undeliverable to admsys@localhost with 5 retries remaining. Message: [GLPI #0000136] Suppression d'un ticket cc, Error: Could not instantiate mail function.
2021-12-08 14:35:09 [2@DESKTOP-10B0EO1]
Warning: an email was undeliverable to admsys@localhost with 5 retries remaining. Message: [GLPI #0000137] Suppression d'un ticket gg, Error: Could not instantiate mail function.
2021-12-08 14:35:12 [2@DESKTOP-10B0EO1]
Warning: an email was undeliverable to admsys@localhost with 5 retries remaining. Message: [GLPI #0000138] Suppression d'un ticket yu, Error: Could not instantiate mail function.
2021-12-08 14:35:14 [2@DESKTOP-10B0EO1]
Warning: an email was undeliverable to admsys@localhost with 5 retries remaining. Message: [GLPI #0000139] Suppression d'un ticket .., Error: Could not instantiate mail function.
2021-12-08 14:35:16 [2@DESKTOP-10B0EO1]
Warning: an email was undeliverable to admsys@localhost with 5 retries remaining. Message: [GLPI #0000140] Suppression d'un ticket jj, Error: Could not instantiate mail function.
2021-12-08 14:35:18 [2@DESKTOP-10B0EO1]
Warning: an email was undeliverable to admsys@localhost with 5 retries remaining. Message: [GLPI #0000141] Suppression d'un ticket hhg, Error: Could not instantiate mail function.
2021-12-08 14:35:21 [2@DESKTOP-10B0EO1]
Warning: an email was undeliverable to admsys@localhost with 5 retries remaining. Message: [GLPI #0000142] Suppression d'un ticket vvg, Error: Could not instantiate mail function.
2021-12-08 14:35:23 [2@DESKTOP-10B0EO1]
Warning: an email was undeliverable to admsys@localhost with 5 retries remaining. Message: [GLPI #0000143] Suppression d'un ticket hh, Error: Could not instantiate mail function.
2021-12-08 14:35:25 [2@DESKTOP-10B0EO1]
Warning: an email was undeliverable to admsys@localhost with 5 retries remaining. Message: [GLPI #0000144] Suppression d'un ticket jx, Error: Could not instantiate mail function.
2021-12-08 14:35:28 [2@DESKTOP-10B0EO1]
Warning: an email was undeliverable to admsys@localhost with 5 retries remaining. Message: [GLPI #0000145] Suppression d'un ticket whh, Error: Could not instantiate mail function.
2021-12-08 14:35:30 [2@DESKTOP-10B0EO1]
Warning: an email was undeliverable to admsys@localhost with 5 retries remaining. Message: [GLPI #0000146] Suppression d'un ticket gg, Error: Could not instantiate mail function.
2021-12-08 14:35:32 [2@DESKTOP-10B0EO1]
Warning: an email was undeliverable to admsys@localhost with 5 retries remaining. Message: [GLPI #0000147] Suppression d'un ticket 32, Error: Could not instantiate mail function.
2021-12-08 14:35:35 [2@DESKTOP-10B0EO1]
Warning: an email was undeliverable to admsys@localhost with 5 retries remaining. Message: [GLPI #0000148] Suppression d'un ticket 32, Error: Could not instantiate mail function.
2021-12-08 14:35:37 [2@DESKTOP-10B0EO1]
Warning: an email was undeliverable to admsys@localhost with 5 retries remaining. Message: [GLPI #0000149] Suppression d'un ticket aze, Error: Could not instantiate mail function.
2021-12-08 14:35:39 [2@DESKTOP-10B0EO1]
Warning: an email was undeliverable to admsys@localhost with 5 retries remaining. Message: [GLPI #0000150] Suppression d'un ticket zae, Error: Could not instantiate mail function.
2021-12-08 14:35:41 [2@DESKTOP-10B0EO1]
Warning: an email was undeliverable to admsys@localhost with 5 retries remaining. Message: [GLPI #0000151] Suppression d'un ticket er, Error: Could not instantiate mail function.
2021-12-08 14:35:43 [2@DESKTOP-10B0EO1]
Warning: an email was undeliverable to admsys@localhost with 5 retries remaining. Message: [GLPI #0000152] Suppression d'un ticket er, Error: Could not instantiate mail function.
2021-12-08 14:35:46 [2@DESKTOP-10B0EO1]
Warning: an email was undeliverable to admsys@localhost with 5 retries remaining. Message: [GLPI #0000153] Suppression d'un ticket aze, Error: Could not instantiate mail function.
2021-12-08 14:35:48 [2@DESKTOP-10B0EO1]
Warning: an email was undeliverable to admsys@localhost with 5 retries remaining. Message: [GLPI #0000154] Suppression d'un ticket zae, Error: Could not instantiate mail function.
2021-12-08 14:35:50 [2@DESKTOP-10B0EO1]
Warning: an email was undeliverable to admsys@localhost with 5 retries remaining. Message: [GLPI #0000155] Suppression d'un ticket rer, Error: Could not instantiate mail function.
2021-12-08 14:35:52 [2@DESKTOP-10B0EO1]
Warning: an email was undeliverable to admsys@localhost with 5 retries remaining. Message: [GLPI #0000157] Suppression d'un ticket zer, Error: Could not instantiate mail function.
2021-12-08 14:35:55 [2@DESKTOP-10B0EO1]
Warning: an email was undeliverable to admsys@localhost with 5 retries remaining. Message: [GLPI #0000158] Suppression d'un ticket ok, Error: Could not instantiate mail function.
2021-12-08 14:35:57 [2@DESKTOP-10B0EO1]
Warning: an email was undeliverable to admsys@localhost with 5 retries remaining. Message: [GLPI #0000159] Suppression d'un ticket er, Error: Could not instantiate mail function.
2021-12-08 14:35:59 [2@DESKTOP-10B0EO1]
Warning: an email was undeliverable to admsys@localhost with 5 retries remaining. Message: [GLPI #0000160] Suppression d'un ticket yessir, Error: Could not instantiate mail function.
2021-12-08 14:36:02 [2@DESKTOP-10B0EO1]
Warning: an email was undeliverable to admsys@localhost with 5 retries remaining. Message: [GLPI #0000161] Suppression d'un ticket aer, Error: Could not instantiate mail function.
2021-12-08 14:36:04 [2@DESKTOP-10B0EO1]
Warning: an email was undeliverable to admsys@localhost with 5 retries remaining. Message: [GLPI #0000162] Suppression d'un ticket aze, Error: Could not instantiate mail function.
2021-12-08 14:36:06 [2@DESKTOP-10B0EO1]
Warning: an email was undeliverable to admsys@localhost with 5 retries remaining. Message: [GLPI #0000163] Suppression d'un ticket q, Error: Could not instantiate mail function.
2021-12-08 14:36:08 [2@DESKTOP-10B0EO1]
Warning: an email was undeliverable to admsys@localhost with 5 retries remaining. Message: [GLPI #0000164] Suppression d'un ticket az, Error: Could not instantiate mail function.
2021-12-08 14:36:11 [2@DESKTOP-10B0EO1]
Warning: an email was undeliverable to admsys@localhost with 5 retries remaining. Message: [GLPI #0000165] Suppression d'un ticket zae, Error: Could not instantiate mail function.
2021-12-08 14:36:13 [2@DESKTOP-10B0EO1]
Warning: an email was undeliverable to admsys@localhost with 5 retries remaining. Message: [GLPI #0000166] Suppression d'un ticket ee, Error: Could not instantiate mail function.
2021-12-08 14:36:15 [2@DESKTOP-10B0EO1]
Warning: an email was undeliverable to admsys@localhost with 5 retries remaining. Message: [GLPI #0000170] Suppression d'un ticket er, Error: Could not instantiate mail function.
2021-12-08 14:36:17 [2@DESKTOP-10B0EO1]
Warning: an email was undeliverable to admsys@localhost with 5 retries remaining. Message: [GLPI #0000171] Suppression d'un ticket dsq, Error: Could not instantiate mail function.
2021-12-08 14:36:20 [2@DESKTOP-10B0EO1]
Warning: an email was undeliverable to admsys@localhost with 5 retries remaining. Message: [GLPI #0000172] Suppression d'un ticket ad, Error: Could not instantiate mail function.
2021-12-08 14:36:22 [2@DESKTOP-10B0EO1]
Warning: an email was undeliverable to admsys@localhost with 5 retries remaining. Message: [GLPI #0000173] Suppression d'un ticket zae, Error: Could not instantiate mail function.
2021-12-08 14:36:24 [2@DESKTOP-10B0EO1]
Warning: an email was undeliverable to admsys@localhost with 5 retries remaining. Message: [GLPI #0000174] Suppression d'un ticket 21, Error: Could not instantiate mail function.
2021-12-08 14:36:26 [2@DESKTOP-10B0EO1]
Warning: an email was undeliverable to admsys@localhost with 5 retries remaining. Message: [GLPI #0000175] Suppression d'un ticket er, Error: Could not instantiate mail function.
2021-12-08 14:36:28 [2@DESKTOP-10B0EO1]
Warning: an email was undeliverable to admsys@localhost with 5 retries remaining. Message: [GLPI #0000176] Suppression d'un ticket er, Error: Could not instantiate mail function.
2021-12-08 14:36:31 [2@DESKTOP-10B0EO1]
Warning: an email was undeliverable to admsys@localhost with 5 retries remaining. Message: [GLPI #0000177] Suppression d'un ticket aze, Error: Could not instantiate mail function.
2021-12-08 14:36:33 [2@DESKTOP-10B0EO1]
Warning: an email was undeliverable to admsys@localhost with 5 retries remaining. Message: [GLPI #0000178] Suppression d'un ticket 32, Error: Could not instantiate mail function.
2021-12-08 14:36:35 [2@DESKTOP-10B0EO1]
Warning: an email was undeliverable to admsys@localhost with 5 retries remaining. Message: [GLPI #0000179] Suppression d'un ticket aze, Error: Could not instantiate mail function.
2021-12-08 14:36:37 [2@DESKTOP-10B0EO1]
Warning: an email was undeliverable to admsys@localhost with 5 retries remaining. Message: [GLPI #0000180] Suppression d'un ticket ez, Error: Could not instantiate mail function.
2021-12-08 14:36:40 [2@DESKTOP-10B0EO1]
Warning: an email was undeliverable to admsys@localhost with 5 retries remaining. Message: [GLPI #0000181] Suppression d'un ticket re, Error: Could not instantiate mail function.
2021-12-08 14:36:42 [2@DESKTOP-10B0EO1]
Warning: an email was undeliverable to admsys@localhost with 5 retries remaining. Message: [GLPI #0000182] Suppression d'un ticket 32, Error: Could not instantiate mail function.
2021-12-08 14:36:44 [2@DESKTOP-10B0EO1]
Warning: an email was undeliverable to admsys@localhost with 5 retries remaining. Message: [GLPI #0000183] Suppression d'un ticket .., Error: Could not instantiate mail function.
2021-12-08 14:36:47 [2@DESKTOP-10B0EO1]
Warning: an email was undeliverable to admsys@localhost with 5 retries remaining. Message: [GLPI #0000184] Suppression d'un ticket eza, Error: Could not instantiate mail function.
2021-12-08 14:36:49 [2@DESKTOP-10B0EO1]
Warning: an email was undeliverable to admsys@localhost with 5 retries remaining. Message: [GLPI #0000185] Suppression d'un ticket ez, Error: Could not instantiate mail function.
2021-12-08 14:36:51 [2@DESKTOP-10B0EO1]
Warning: an email was undeliverable to admsys@localhost with 5 retries remaining. Message: [GLPI #0000186] Suppression d'un ticket erz, Error: Could not instantiate mail function.
2021-12-08 14:36:54 [2@DESKTOP-10B0EO1]
Warning: an email was undeliverable to admsys@localhost with 5 retries remaining. Message: [GLPI #0000187] Suppression d'un ticket rez, Error: Could not instantiate mail function.
2021-12-08 14:36:56 [2@DESKTOP-10B0EO1]
Warning: an email was undeliverable to admsys@localhost with 5 retries remaining. Message: [GLPI #0000188] Suppression d'un ticket eze, Error: Could not instantiate mail function.
2021-12-08 14:36:58 [2@DESKTOP-10B0EO1]
Warning: an email was undeliverable to admsys@localhost with 5 retries remaining. Message: [GLPI #0000189] Suppression d'un ticket eze, Error: Could not instantiate mail function.
2021-12-08 14:37:00 [2@DESKTOP-10B0EO1]
Warning: an email was undeliverable to admsys@localhost with 5 retries remaining. Message: [GLPI #0000190] Suppression d'un ticket ee, Error: Could not instantiate mail function.
2021-12-08 14:37:03 [2@DESKTOP-10B0EO1]
Warning: an email was undeliverable to admsys@localhost with 5 retries remaining. Message: [GLPI #0000191] Suppression d'un ticket rer, Error: Could not instantiate mail function.
2021-12-08 14:37:05 [2@DESKTOP-10B0EO1]
Warning: an email was undeliverable to admsys@localhost with 5 retries remaining. Message: [GLPI #0000193] Suppression d'un ticket aze, Error: Could not instantiate mail function.
2021-12-08 14:37:07 [2@DESKTOP-10B0EO1]
Warning: an email was undeliverable to admsys@localhost with 5 retries remaining. Message: [GLPI #0000194] Suppression d'un ticket aze, Error: Could not instantiate mail function.
2021-12-08 14:37:10 [2@DESKTOP-10B0EO1]
Warning: an email was undeliverable to admsys@localhost with 5 retries remaining. Message: [GLPI #0000195] Suppression d'un ticket 23, Error: Could not instantiate mail function.
2021-12-08 14:37:12 [2@DESKTOP-10B0EO1]
Warning: an email was undeliverable to admsys@localhost with 5 retries remaining. Message: [GLPI #0000196] Suppression d'un ticket er, Error: Could not instantiate mail function.
2021-12-08 14:37:46 [2@DESKTOP-10B0EO1]
Warning: an email was undeliverable to admsys@localhost with 5 retries remaining. Message: [GLPI #0000015] Suppression d'un ticket aze, Error: Could not instantiate mail function.
2021-12-08 14:37:48 [2@DESKTOP-10B0EO1]
Warning: an email was undeliverable to admsys@localhost with 5 retries remaining. Message: [GLPI #0000016] Suppression d'un ticket yoooooo, Error: Could not instantiate mail function.
2021-12-08 14:37:50 [2@DESKTOP-10B0EO1]
Warning: an email was undeliverable to admsys@localhost with 5 retries remaining. Message: [GLPI #0000019] Suppression d'un ticket aze, Error: Could not instantiate mail function.
2021-12-08 14:37:53 [2@DESKTOP-10B0EO1]
Warning: an email was undeliverable to admsys@localhost with 5 retries remaining. Message: [GLPI #0000020] Suppression d'un ticket zae, Error: Could not instantiate mail function.
2021-12-08 14:37:55 [2@DESKTOP-10B0EO1]
Warning: an email was undeliverable to admsys@localhost with 5 retries remaining. Message: [GLPI #0000021] Suppression d'un ticket ,n, Error: Could not instantiate mail function.
2021-12-08 14:41:47 [2@DESKTOP-10B0EO1]
Warning: an email was undeliverable to admsys@localhost with 5 retries remaining. Message: [GLPI #0000012] Suppression d'un ticket knha, Error: Could not instantiate mail function.
2021-12-08 14:41:49 [2@DESKTOP-10B0EO1]
Warning: an email was undeliverable to admsys@localhost with 5 retries remaining. Message: [GLPI #0000017] Suppression d'un ticket aze, Error: Could not instantiate mail function.
2021-12-08 14:41:52 [2@DESKTOP-10B0EO1]
Warning: an email was undeliverable to admsys@localhost with 5 retries remaining. Message: [GLPI #0000018] Suppression d'un ticket aze, Error: Could not instantiate mail function.
2021-12-08 14:41:54 [2@DESKTOP-10B0EO1]
Warning: an email was undeliverable to admsys@localhost with 5 retries remaining. Message: [GLPI #0000156] Suppression d'un ticket bv, Error: Could not instantiate mail function.
2021-12-08 14:41:56 [2@DESKTOP-10B0EO1]
Warning: an email was undeliverable to admsys@localhost with 5 retries remaining. Message: [GLPI #0000167] Suppression d'un ticket ee, Error: Could not instantiate mail function.
2021-12-08 15:02:26 [2@DESKTOP-10B0EO1]
Warning: an email was undeliverable to admsys@localhost with 5 retries remaining. Message: [GLPI #0000198] Ticket résolu er, Error: Could not instantiate mail function.
2021-12-08 15:02:37 [2@DESKTOP-10B0EO1]
Warning: an email was undeliverable to admsys@localhost with 5 retries remaining. Message: [GLPI #0000198] Clôture du ticket er, Error: Could not instantiate mail function.
2021-12-08 15:20:40 [2@DESKTOP-10B0EO1]
Warning: an email was undeliverable to admsys@localhost with 5 retries remaining. Message: [GLPI #0000218] Nouveau ticket gg, Error: Could not instantiate mail function.
2021-12-08 15:20:42 [2@DESKTOP-10B0EO1]
Warning: an email was undeliverable to admsys@localhost with 5 retries remaining. Message: [GLPI #0000219] Nouveau ticket gg, Error: Could not instantiate mail function.
2021-12-08 15:31:17 [2@DESKTOP-10B0EO1]
Warning: an email was undeliverable to admsys@localhost with 5 retries remaining. Message: [GLPI #0000220] Nouveau ticket zae, Error: Could not instantiate mail function.
2021-12-08 15:31:45 [2@DESKTOP-10B0EO1]
Warning: an email was undeliverable to admsys@localhost with 5 retries remaining. Message: [GLPI #0000221] Nouveau ticket er, Error: Could not instantiate mail function.
